<?xml version="1.0" encoding="UTF-8"?>
<robot generator="Robot 6.1 (Python 3.11.0 on win32)" generated="20230830 01:51:03.364" rpa="false" schemaversion="4">
<suite id="s1" name="Project" source="C:\Users\ASUS\Desktop\Project">
<suite id="s1-s1" name="Code" source="C:\Users\ASUS\Desktop\Project\Code">
<suite id="s1-s1-s1" name="TC01 Register" source="C:\Users\ASUS\Desktop\Project\Code\TC01_Register.robot">
<test id="s1-s1-s1-t1" name="TC01_Register" line="19">
<kw name="Open Excel Document" library="ExcelLibrary">
<arg>Test data/TC01_Register.xlsx</arg>
<arg>doc_id=Test data</arg>
<doc>Opens xlsx document file.</doc>
<status status="PASS" starttime="20230830 01:51:04.127" endtime="20230830 01:51:04.149"/>
</kw>
<kw name="Get Sheet" library="ExcelLibrary">
<var>${excel}</var>
<arg>Test data</arg>
<doc>Returns a page from the current document.</doc>
<msg timestamp="20230830 01:51:04.151" level="INFO">${excel} = &lt;Worksheet "Test data"&gt;</msg>
<status status="PASS" starttime="20230830 01:51:04.150" endtime="20230830 01:51:04.151"/>
</kw>
<for flavor="IN RANGE">
<var>${x}</var>
<value>2</value>
<value>${excel.max_row+1}</value>
<iter>
<var name="${x}">2</var>
<kw name="Set Variable If" library="BuiltIn">
<var>${status}</var>
<arg>"${excel.cell(${x},2).value}" == "None"</arg>
<arg>${EMPTY}</arg>
<arg>${excel.cell(${x},2).value}</arg>
<doc>Sets variable based on the given condition.</doc>
<msg timestamp="20230830 01:51:04.157" level="INFO">${status} = Y</msg>
<status status="PASS" starttime="20230830 01:51:04.155" endtime="20230830 01:51:04.157"/>
</kw>
<if>
<branch type="IF" condition="&quot;${Status}&quot; == &quot;Y&quot;">
<kw name="Set Variable If" library="BuiltIn">
<var>${TDID}</var>
<arg>"${excel.cell(${x},1).value}" == "None"</arg>
<arg>${EMPTY}</arg>
<arg>${excel.cell(${x},1).value}</arg>
<doc>Sets variable based on the given condition.</doc>
<msg timestamp="20230830 01:51:04.161" level="INFO">${TDID} = TD1</msg>
<status status="PASS" starttime="20230830 01:51:04.159" endtime="20230830 01:51:04.162"/>
</kw>
<kw name="Log To Console" library="BuiltIn">
<arg>Testing is ${TDID}</arg>
<doc>Logs the given message to the console.</doc>
<status status="PASS" starttime="20230830 01:51:04.162" endtime="20230830 01:51:04.164"/>
</kw>
<kw name="Set Variable If" library="BuiltIn">
<var>${Name}</var>
<arg>"${excel.cell(${x},3).value}" == "None"</arg>
<arg>${EMPTY}</arg>
<arg>${excel.cell(${x},3).value}</arg>
<doc>Sets variable based on the given condition.</doc>
<msg timestamp="20230830 01:51:04.165" level="INFO">${Name} = </msg>
<status status="PASS" starttime="20230830 01:51:04.164" endtime="20230830 01:51:04.165"/>
</kw>
<kw name="Set Variable If" library="BuiltIn">
<var>${Lastname}</var>
<arg>"${excel.cell(${x},4).value}" == "None"</arg>
<arg>${EMPTY}</arg>
<arg>${excel.cell(${x},4).value}</arg>
<doc>Sets variable based on the given condition.</doc>
<msg timestamp="20230830 01:51:04.167" level="INFO">${Lastname} = ปา</msg>
<status status="PASS" starttime="20230830 01:51:04.166" endtime="20230830 01:51:04.168"/>
</kw>
<kw name="Set Variable If" library="BuiltIn">
<var>${Address}</var>
<arg>"${excel.cell(${x},5).value}" == "None"</arg>
<arg>${EMPTY}</arg>
<arg>${excel.cell(${x},5).value}</arg>
<doc>Sets variable based on the given condition.</doc>
<msg timestamp="20230830 01:51:04.171" level="INFO">${Address} = 30/19</msg>
<status status="PASS" starttime="20230830 01:51:04.169" endtime="20230830 01:51:04.172"/>
</kw>
<kw name="Set Variable If" library="BuiltIn">
<var>${Phone}</var>
<arg>"${excel.cell(${x},6).value}" == "None"</arg>
<arg>${EMPTY}</arg>
<arg>${excel.cell(${x},6).value}</arg>
<doc>Sets variable based on the given condition.</doc>
<msg timestamp="20230830 01:51:04.174" level="INFO">${Phone} = 0808437940</msg>
<status status="PASS" starttime="20230830 01:51:04.172" endtime="20230830 01:51:04.174"/>
</kw>
<kw name="Set Variable If" library="BuiltIn">
<var>${Gender}</var>
<arg>"${excel.cell(${x},7).value}" == "None"</arg>
<arg>${EMPTY}</arg>
<arg>${excel.cell(${x},7).value}</arg>
<doc>Sets variable based on the given condition.</doc>
<msg timestamp="20230830 01:51:04.175" level="INFO">${Gender} = ชาย</msg>
<status status="PASS" starttime="20230830 01:51:04.174" endtime="20230830 01:51:04.176"/>
</kw>
<kw name="Set Variable If" library="BuiltIn">
<var>${Email}</var>
<arg>"${excel.cell(${x},8).value}" == "None"</arg>
<arg>${EMPTY}</arg>
<arg>${excel.cell(${x},8).value}</arg>
<doc>Sets variable based on the given condition.</doc>
<msg timestamp="20230830 01:51:04.178" level="INFO">${Email} = ba@gmail.com</msg>
<status status="PASS" starttime="20230830 01:51:04.176" endtime="20230830 01:51:04.180"/>
</kw>
<kw name="Set Variable If" library="BuiltIn">
<var>${ID card}</var>
<arg>"${excel.cell(${x},9).value}" == "None"</arg>
<arg>${EMPTY}</arg>
<arg>${excel.cell(${x},9).value}</arg>
<doc>Sets variable based on the given condition.</doc>
<msg timestamp="20230830 01:51:04.181" level="INFO">${ID card} = 1549900523702</msg>
<status status="PASS" starttime="20230830 01:51:04.180" endtime="20230830 01:51:04.182"/>
</kw>
<kw name="Set Variable If" library="BuiltIn">
<var>${Day}</var>
<arg>"${excel.cell(${x},10).value}" == "None"</arg>
<arg>${EMPTY}</arg>
<arg>${excel.cell(${x},10).value}</arg>
<doc>Sets variable based on the given condition.</doc>
<msg timestamp="20230830 01:51:04.183" level="INFO">${Day} = เลือกปี (ปีปัจจุบัน -12)</msg>
<status status="PASS" starttime="20230830 01:51:04.182" endtime="20230830 01:51:04.183"/>
</kw>
<kw name="Set Variable" library="BuiltIn">
<var>${Expected result}</var>
<arg>${excel.cell(${x},11).value}</arg>
<doc>Returns the given values which can then be assigned to a variables.</doc>
<msg timestamp="20230830 01:51:04.185" level="INFO">${Expected result} = กรุณากรอกชื่อ</msg>
<status status="PASS" starttime="20230830 01:51:04.183" endtime="20230830 01:51:04.186"/>
</kw>
<kw name="Open Application" library="AppiumLibrary">
<arg>http://localhost:4723/wd/hub</arg>
<arg>platformName=Android</arg>
<arg>platformVersion=%{ANDROID_PLATFORM_VERSION=9}</arg>
<arg>appPackage=th.ac.mju.itsci.reservevaccine_project</arg>
<arg>appActivity=.Login_page</arg>
<doc>Opens a new application to given Appium server.
Capabilities of appium server, Android and iOS,
Please check https://github.com/appium/appium/blob/master/docs/en/writing-running-appium/server-args.md
| *Option*            | *Man.* | *Description*     |
| remote_url          | Yes    | Appium server url |
| alias               | no     | alias             |
| strict_ssl          | No     | allows you to send commands to an invalid certificate host like a self-signed one. |</doc>
<status status="PASS" starttime="20230830 01:51:04.186" endtime="20230830 01:51:12.014"/>
</kw>
<kw name="Click Element" library="AppiumLibrary">
<arg>textView21</arg>
<doc>Click element identified by `locator`.</doc>
<msg timestamp="20230830 01:51:12.016" level="INFO">Clicking element 'textView21'.</msg>
<msg timestamp="20230830 01:51:12.378" level="INFO">criteria is textView21</msg>
<status status="PASS" starttime="20230830 01:51:12.014" endtime="20230830 01:51:12.379"/>
</kw>
<kw name="Wait Until Element Is Visible" library="AppiumLibrary">
<arg>input_name</arg>
<doc>Waits until element specified with `locator` is visible.</doc>
<msg timestamp="20230830 01:51:13.110" level="INFO">criteria is input_name</msg>
<status status="PASS" starttime="20230830 01:51:12.379" endtime="20230830 01:51:13.111"/>
</kw>
<kw name="Input Text" library="AppiumLibrary">
<arg>input_name</arg>
<arg>${Name}</arg>
<doc>Types the given `text` into text field identified by `locator`.</doc>
<msg timestamp="20230830 01:51:13.114" level="INFO">Typing text '' into text field 'input_name'</msg>
<msg timestamp="20230830 01:51:13.164" level="INFO">criteria is input_name</msg>
<status status="PASS" starttime="20230830 01:51:13.111" endtime="20230830 01:51:13.164"/>
</kw>
<kw name="Input Text" library="AppiumLibrary">
<arg>input_lastname</arg>
<arg>${Lastname}</arg>
<doc>Types the given `text` into text field identified by `locator`.</doc>
<msg timestamp="20230830 01:51:13.167" level="INFO">Typing text 'ปา' into text field 'input_lastname'</msg>
<msg timestamp="20230830 01:51:13.703" level="INFO">criteria is input_lastname</msg>
<status status="PASS" starttime="20230830 01:51:13.164" endtime="20230830 01:51:13.703"/>
</kw>
<kw name="Input Text" library="AppiumLibrary">
<arg>input_address</arg>
<arg>${Address}</arg>
<doc>Types the given `text` into text field identified by `locator`.</doc>
<msg timestamp="20230830 01:51:13.705" level="INFO">Typing text '30/19' into text field 'input_address'</msg>
<msg timestamp="20230830 01:51:14.336" level="INFO">criteria is input_address</msg>
<status status="PASS" starttime="20230830 01:51:13.703" endtime="20230830 01:51:14.337"/>
</kw>
<kw name="Input Text" library="AppiumLibrary">
<arg>input_phone</arg>
<arg>${Phone}</arg>
<doc>Types the given `text` into text field identified by `locator`.</doc>
<msg timestamp="20230830 01:51:14.339" level="INFO">Typing text '0808437940' into text field 'input_phone'</msg>
<msg timestamp="20230830 01:51:14.870" level="INFO">criteria is input_phone</msg>
<status status="PASS" starttime="20230830 01:51:14.337" endtime="20230830 01:51:14.871"/>
</kw>
<kw name="Swipe By Percent" library="AppiumLibrary">
<arg>50</arg>
<arg>70</arg>
<arg>50</arg>
<arg>20</arg>
<arg>1000</arg>
<doc>Swipe from one percent of the screen to another percent, for an optional duration.
Normal swipe fails to scale for different screen resolutions, this can be avoided using percent.</doc>
<status status="PASS" starttime="20230830 01:51:14.871" endtime="20230830 01:51:16.214"/>
</kw>
<if>
<branch type="IF" condition="&quot;${gender}&quot; == &quot;ชาย&quot;">
<kw name="Click Element" library="AppiumLibrary">
<arg>radio_Male</arg>
<doc>Click element identified by `locator`.</doc>
<msg timestamp="20230830 01:51:16.216" level="INFO">Clicking element 'radio_Male'.</msg>
<msg timestamp="20230830 01:51:16.443" level="INFO">criteria is radio_Male</msg>
<status status="PASS" starttime="20230830 01:51:16.215" endtime="20230830 01:51:16.444"/>
</kw>
<status status="PASS" starttime="20230830 01:51:16.214" endtime="20230830 01:51:16.444"/>
</branch>
<branch type="ELSE IF" condition="&quot;${gender}&quot; == &quot;หญิง&quot;">
<kw name="Click Element" library="AppiumLibrary">
<arg>radio_Female</arg>
<doc>Click element identified by `locator`.</doc>
<status status="NOT RUN" starttime="20230830 01:51:16.445" endtime="20230830 01:51:16.445"/>
</kw>
<status status="NOT RUN" starttime="20230830 01:51:16.444" endtime="20230830 01:51:16.446"/>
</branch>
<status status="PASS" starttime="20230830 01:51:16.214" endtime="20230830 01:51:16.446"/>
</if>
<kw name="Input Text" library="AppiumLibrary">
<arg>input_email</arg>
<arg>${Email}</arg>
<doc>Types the given `text` into text field identified by `locator`.</doc>
<msg timestamp="20230830 01:51:16.449" level="INFO">Typing text 'ba@gmail.com' into text field 'input_email'</msg>
<msg timestamp="20230830 01:51:17.041" level="INFO">criteria is input_email</msg>
<status status="PASS" starttime="20230830 01:51:16.446" endtime="20230830 01:51:17.041"/>
</kw>
<kw name="Input Text" library="AppiumLibrary">
<arg>input_idcard</arg>
<arg>${ID card}</arg>
<doc>Types the given `text` into text field identified by `locator`.</doc>
<msg timestamp="20230830 01:51:17.046" level="INFO">Typing text '1549900523702' into text field 'input_idcard'</msg>
<msg timestamp="20230830 01:51:17.581" level="INFO">criteria is input_idcard</msg>
<status status="PASS" starttime="20230830 01:51:17.042" endtime="20230830 01:51:17.581"/>
</kw>
<kw name="Click Element" library="AppiumLibrary">
<arg>input_brithday</arg>
<doc>Click element identified by `locator`.</doc>
<msg timestamp="20230830 01:51:17.584" level="INFO">Clicking element 'input_brithday'.</msg>
<msg timestamp="20230830 01:51:18.116" level="INFO">criteria is input_brithday</msg>
<status status="PASS" starttime="20230830 01:51:17.582" endtime="20230830 01:51:18.116"/>
</kw>
<if>
<branch type="IF" condition="&quot;${Day}&quot;==&quot;เลือกปี (ปีปัจจุบัน -11)&quot;">
<kw name="Minus 11 Years" library="SelectDay">
<var>${Day}</var>
<status status="NOT RUN" starttime="20230830 01:51:18.117" endtime="20230830 01:51:18.117"/>
</kw>
<status status="NOT RUN" starttime="20230830 01:51:18.117" endtime="20230830 01:51:18.117"/>
</branch>
<branch type="ELSE IF" condition="&quot;${Day}&quot;==&quot;เลือกปี (ปีปัจจุบัน -12)&quot;">
<kw name="Minus 12 Years" library="SelectDay">
<var>${Day}</var>
<msg timestamp="20230830 01:51:18.118" level="INFO">${Day} = 02/09/2011</msg>
<status status="PASS" starttime="20230830 01:51:18.118" endtime="20230830 01:51:18.119"/>
</kw>
<status status="PASS" starttime="20230830 01:51:18.118" endtime="20230830 01:51:18.120"/>
</branch>
<branch type="ELSE IF" condition="&quot;${Day}&quot;==&quot;เลือกปี (ปีปัจจุบัน -13)&quot;">
<kw name="Minus 13 Years" library="SelectDay">
<var>${Day}</var>
<status status="NOT RUN" starttime="20230830 01:51:18.121" endtime="20230830 01:51:18.121"/>
</kw>
<status status="NOT RUN" starttime="20230830 01:51:18.120" endtime="20230830 01:51:18.122"/>
</branch>
<status status="PASS" starttime="20230830 01:51:18.117" endtime="20230830 01:51:18.122"/>
</if>
<kw name="Log To Console" library="BuiltIn">
<arg>${Day}</arg>
<doc>Logs the given message to the console.</doc>
<status status="PASS" starttime="20230830 01:51:18.122" endtime="20230830 01:51:18.123"/>
</kw>
<kw name="Select day">
<arg>${Day}</arg>
<kw name="Wait Until Element Is Visible" library="AppiumLibrary">
<arg>${HEADER_YEAR}</arg>
<doc>Waits until element specified with `locator` is visible.</doc>
<msg timestamp="20230830 01:51:18.796" level="INFO">criteria is android:id/date_picker_header_year
criteria is android:id/date_picker_header_year</msg>
<status status="PASS" starttime="20230830 01:51:18.124" endtime="20230830 01:51:18.796"/>
</kw>
<kw name="Get Text" library="AppiumLibrary">
<var>${CURR_YEAR}</var>
<arg>${HEADER_YEAR}</arg>
<doc>Get element text (for hybrid and mobile browser use `xpath` locator, others might cause problem)</doc>
<msg timestamp="20230830 01:51:18.843" level="INFO">Element 'id=android:id/date_picker_header_year' text is '2023' </msg>
<msg timestamp="20230830 01:51:18.844" level="INFO">criteria is android:id/date_picker_header_year</msg>
<msg timestamp="20230830 01:51:18.845" level="INFO">${CURR_YEAR} = 2023</msg>
<status status="PASS" starttime="20230830 01:51:18.796" endtime="20230830 01:51:18.845"/>
</kw>
<kw name="Get Text" library="AppiumLibrary">
<var>${CURR_DATE}</var>
<arg>${HEADER_DATE}</arg>
<doc>Get element text (for hybrid and mobile browser use `xpath` locator, others might cause problem)</doc>
<msg timestamp="20230830 01:51:18.898" level="INFO">Element 'id=android:id/date_picker_header_date' text is 'Wed, Aug 30' </msg>
<msg timestamp="20230830 01:51:18.898" level="INFO">criteria is android:id/date_picker_header_date</msg>
<msg timestamp="20230830 01:51:18.898" level="INFO">${CURR_DATE} = Wed, Aug 30</msg>
<status status="PASS" starttime="20230830 01:51:18.845" endtime="20230830 01:51:18.898"/>
</kw>
<kw name="Click Element" library="AppiumLibrary">
<arg>${HEADER_YEAR}</arg>
<doc>Click element identified by `locator`.</doc>
<msg timestamp="20230830 01:51:18.901" level="INFO">Clicking element 'id=android:id/date_picker_header_year'.</msg>
<msg timestamp="20230830 01:51:18.955" level="INFO">criteria is android:id/date_picker_header_year</msg>
<status status="PASS" starttime="20230830 01:51:18.899" endtime="20230830 01:51:18.955"/>
</kw>
<kw name="Split Str By Slash" library="SelectDay">
<var>${DATE_TARGET_ARRAY}</var>
<arg>${date_come_in}</arg>
<msg timestamp="20230830 01:51:18.957" level="INFO">${DATE_TARGET_ARRAY} = ['02', '09', '2011']</msg>
<status status="PASS" starttime="20230830 01:51:18.956" endtime="20230830 01:51:18.958"/>
</kw>
<kw name="Set Variable" library="BuiltIn">
<var>${TARGET_DAY}</var>
<arg>${DATE_TARGET_ARRAY}[0]</arg>
<doc>Returns the given values which can then be assigned to a variables.</doc>
<msg timestamp="20230830 01:51:18.959" level="INFO">${TARGET_DAY} = 02</msg>
<status status="PASS" starttime="20230830 01:51:18.958" endtime="20230830 01:51:18.959"/>
</kw>
<kw name="Set Variable" library="BuiltIn">
<var>${TARGET_MONTH}</var>
<arg>${DATE_TARGET_ARRAY}[1]</arg>
<doc>Returns the given values which can then be assigned to a variables.</doc>
<msg timestamp="20230830 01:51:18.961" level="INFO">${TARGET_MONTH} = 09</msg>
<status status="PASS" starttime="20230830 01:51:18.960" endtime="20230830 01:51:18.961"/>
</kw>
<kw name="Set Variable" library="BuiltIn">
<var>${TARGET_YEAR}</var>
<arg>${DATE_TARGET_ARRAY}[2]</arg>
<doc>Returns the given values which can then be assigned to a variables.</doc>
<msg timestamp="20230830 01:51:18.962" level="INFO">${TARGET_YEAR} = 2011</msg>
<status status="PASS" starttime="20230830 01:51:18.961" endtime="20230830 01:51:18.962"/>
</kw>
<for flavor="IN RANGE">
<var>${j}</var>
<value>100</value>
<iter>
<var name="${j}">0</var>
<kw name="Get Webelements" library="AppiumLibrary">
<var>${elements}</var>
<arg>${YEAR_LIST}</arg>
<doc>Returns list of [http://selenium-python.readthedocs.io/api.html#module-selenium.webdriver.remote.webelement|WebElement] objects matching ``locator``.</doc>
<msg timestamp="20230830 01:51:19.652" level="INFO">xpath criteria: //android.widget.ListView/android.widget.TextView</msg>
<msg timestamp="20230830 01:51:19.652" level="INFO">${elements} = [&lt;appium.webdriver.webelement.WebElement (session="8715e94a-95d4-48b5-b270-fe045c7cf5c2", element="13b7ad75-1d24-4d89-9e29-cd19459aa04a")&gt;, &lt;appium.webdriver.webelement.WebElement (session="8715e94a-9...</msg>
<status status="PASS" starttime="20230830 01:51:18.964" endtime="20230830 01:51:19.652"/>
</kw>
<kw name="Set Variable" library="BuiltIn">
<var>${flag}</var>
<arg>20</arg>
<doc>Returns the given values which can then be assigned to a variables.</doc>
<msg timestamp="20230830 01:51:19.655" level="INFO">${flag} = 20</msg>
<status status="PASS" starttime="20230830 01:51:19.654" endtime="20230830 01:51:19.655"/>
</kw>
<kw name="Set Variable" library="BuiltIn">
<var>${str}</var>
<arg>20</arg>
<doc>Returns the given values which can then be assigned to a variables.</doc>
<msg timestamp="20230830 01:51:19.656" level="INFO">${str} = 20</msg>
<status status="PASS" starttime="20230830 01:51:19.655" endtime="20230830 01:51:19.656"/>
</kw>
<for flavor="IN">
<var>${elem}</var>
<value>@{elements}</value>
<iter>
<var name="${elem}">&lt;appium.webdriver.webelement.WebElement (session="8715e94a-95d4-48b5-b270-fe045c7cf5c2", element="13b7ad75-1d24-4d89-9e29-cd19459aa04a")&gt;</var>
<kw name="Get Text" library="AppiumLibrary">
<var>${str}</var>
<arg>${elem}</arg>
<doc>Get element text (for hybrid and mobile browser use `xpath` locator, others might cause problem)</doc>
<msg timestamp="20230830 01:51:19.673" level="INFO">Element '&lt;appium.webdriver.webelement.WebElement (session="8715e94a-95d4-48b5-b270-fe045c7cf5c2", element="13b7ad75-1d24-4d89-9e29-cd19459aa04a")&gt;' text is '2017' </msg>
<msg timestamp="20230830 01:51:19.673" level="INFO">${str} = 2017</msg>
<status status="PASS" starttime="20230830 01:51:19.658" endtime="20230830 01:51:19.673"/>
</kw>
<if>
<branch type="IF" condition="${str} == ${TARGET_YEAR}">
<kw name="Click Element" library="AppiumLibrary">
<arg>${elem}</arg>
<doc>Click element identified by `locator`.</doc>
<status status="NOT RUN" starttime="20230830 01:51:19.674" endtime="20230830 01:51:19.676"/>
</kw>
<kw name="Set Variable" library="BuiltIn">
<var>${flag}</var>
<arg>${str}</arg>
<doc>Returns the given values which can then be assigned to a variables.</doc>
<status status="NOT RUN" starttime="20230830 01:51:19.676" endtime="20230830 01:51:19.676"/>
</kw>
<kw name="Exit For Loop" library="BuiltIn">
<doc>Stops executing the enclosing FOR loop.</doc>
<status status="NOT RUN" starttime="20230830 01:51:19.676" endtime="20230830 01:51:19.677"/>
</kw>
<status status="NOT RUN" starttime="20230830 01:51:19.674" endtime="20230830 01:51:19.677"/>
</branch>
<status status="PASS" starttime="20230830 01:51:19.674" endtime="20230830 01:51:19.677"/>
</if>
<status status="PASS" starttime="20230830 01:51:19.657" endtime="20230830 01:51:19.677"/>
</iter>
<iter>
<var name="${elem}">&lt;appium.webdriver.webelement.WebElement (session="8715e94a-95d4-48b5-b270-fe045c7cf5c2", element="024755f7-656f-47d2-92e2-7508dbd0c866")&gt;</var>
<kw name="Get Text" library="AppiumLibrary">
<var>${str}</var>
<arg>${elem}</arg>
<doc>Get element text (for hybrid and mobile browser use `xpath` locator, others might cause problem)</doc>
<msg timestamp="20230830 01:51:19.691" level="INFO">Element '&lt;appium.webdriver.webelement.WebElement (session="8715e94a-95d4-48b5-b270-fe045c7cf5c2", element="024755f7-656f-47d2-92e2-7508dbd0c866")&gt;' text is '2018' </msg>
<msg timestamp="20230830 01:51:19.692" level="INFO">${str} = 2018</msg>
<status status="PASS" starttime="20230830 01:51:19.677" endtime="20230830 01:51:19.693"/>
</kw>
<if>
<branch type="IF" condition="${str} == ${TARGET_YEAR}">
<kw name="Click Element" library="AppiumLibrary">
<arg>${elem}</arg>
<doc>Click element identified by `locator`.</doc>
<status status="NOT RUN" starttime="20230830 01:51:19.694" endtime="20230830 01:51:19.694"/>
</kw>
<kw name="Set Variable" library="BuiltIn">
<var>${flag}</var>
<arg>${str}</arg>
<doc>Returns the given values which can then be assigned to a variables.</doc>
<status status="NOT RUN" starttime="20230830 01:51:19.694" endtime="20230830 01:51:19.695"/>
</kw>
<kw name="Exit For Loop" library="BuiltIn">
<doc>Stops executing the enclosing FOR loop.</doc>
<status status="NOT RUN" starttime="20230830 01:51:19.695" endtime="20230830 01:51:19.696"/>
</kw>
<status status="NOT RUN" starttime="20230830 01:51:19.693" endtime="20230830 01:51:19.696"/>
</branch>
<status status="PASS" starttime="20230830 01:51:19.693" endtime="20230830 01:51:19.696"/>
</if>
<status status="PASS" starttime="20230830 01:51:19.677" endtime="20230830 01:51:19.696"/>
</iter>
<iter>
<var name="${elem}">&lt;appium.webdriver.webelement.WebElement (session="8715e94a-95d4-48b5-b270-fe045c7cf5c2", element="415477eb-2e57-49a0-9911-5c6b83ab7356")&gt;</var>
<kw name="Get Text" library="AppiumLibrary">
<var>${str}</var>
<arg>${elem}</arg>
<doc>Get element text (for hybrid and mobile browser use `xpath` locator, others might cause problem)</doc>
<msg timestamp="20230830 01:51:19.710" level="INFO">Element '&lt;appium.webdriver.webelement.WebElement (session="8715e94a-95d4-48b5-b270-fe045c7cf5c2", element="415477eb-2e57-49a0-9911-5c6b83ab7356")&gt;' text is '2019' </msg>
<msg timestamp="20230830 01:51:19.710" level="INFO">${str} = 2019</msg>
<status status="PASS" starttime="20230830 01:51:19.697" endtime="20230830 01:51:19.710"/>
</kw>
<if>
<branch type="IF" condition="${str} == ${TARGET_YEAR}">
<kw name="Click Element" library="AppiumLibrary">
<arg>${elem}</arg>
<doc>Click element identified by `locator`.</doc>
<status status="NOT RUN" starttime="20230830 01:51:19.711" endtime="20230830 01:51:19.712"/>
</kw>
<kw name="Set Variable" library="BuiltIn">
<var>${flag}</var>
<arg>${str}</arg>
<doc>Returns the given values which can then be assigned to a variables.</doc>
<status status="NOT RUN" starttime="20230830 01:51:19.712" endtime="20230830 01:51:19.712"/>
</kw>
<kw name="Exit For Loop" library="BuiltIn">
<doc>Stops executing the enclosing FOR loop.</doc>
<status status="NOT RUN" starttime="20230830 01:51:19.713" endtime="20230830 01:51:19.713"/>
</kw>
<status status="NOT RUN" starttime="20230830 01:51:19.710" endtime="20230830 01:51:19.713"/>
</branch>
<status status="PASS" starttime="20230830 01:51:19.710" endtime="20230830 01:51:19.713"/>
</if>
<status status="PASS" starttime="20230830 01:51:19.696" endtime="20230830 01:51:19.713"/>
</iter>
<iter>
<var name="${elem}">&lt;appium.webdriver.webelement.WebElement (session="8715e94a-95d4-48b5-b270-fe045c7cf5c2", element="1150ddc1-90c1-4da3-9a4a-1d83e701e981")&gt;</var>
<kw name="Get Text" library="AppiumLibrary">
<var>${str}</var>
<arg>${elem}</arg>
<doc>Get element text (for hybrid and mobile browser use `xpath` locator, others might cause problem)</doc>
<msg timestamp="20230830 01:51:19.727" level="INFO">Element '&lt;appium.webdriver.webelement.WebElement (session="8715e94a-95d4-48b5-b270-fe045c7cf5c2", element="1150ddc1-90c1-4da3-9a4a-1d83e701e981")&gt;' text is '2020' </msg>
<msg timestamp="20230830 01:51:19.728" level="INFO">${str} = 2020</msg>
<status status="PASS" starttime="20230830 01:51:19.714" endtime="20230830 01:51:19.729"/>
</kw>
<if>
<branch type="IF" condition="${str} == ${TARGET_YEAR}">
<kw name="Click Element" library="AppiumLibrary">
<arg>${elem}</arg>
<doc>Click element identified by `locator`.</doc>
<status status="NOT RUN" starttime="20230830 01:51:19.729" endtime="20230830 01:51:19.730"/>
</kw>
<kw name="Set Variable" library="BuiltIn">
<var>${flag}</var>
<arg>${str}</arg>
<doc>Returns the given values which can then be assigned to a variables.</doc>
<status status="NOT RUN" starttime="20230830 01:51:19.730" endtime="20230830 01:51:19.731"/>
</kw>
<kw name="Exit For Loop" library="BuiltIn">
<doc>Stops executing the enclosing FOR loop.</doc>
<status status="NOT RUN" starttime="20230830 01:51:19.731" endtime="20230830 01:51:19.731"/>
</kw>
<status status="NOT RUN" starttime="20230830 01:51:19.729" endtime="20230830 01:51:19.731"/>
</branch>
<status status="PASS" starttime="20230830 01:51:19.729" endtime="20230830 01:51:19.731"/>
</if>
<status status="PASS" starttime="20230830 01:51:19.713" endtime="20230830 01:51:19.731"/>
</iter>
<iter>
<var name="${elem}">&lt;appium.webdriver.webelement.WebElement (session="8715e94a-95d4-48b5-b270-fe045c7cf5c2", element="cfbc0090-63d1-41fb-89ba-159268de2152")&gt;</var>
<kw name="Get Text" library="AppiumLibrary">
<var>${str}</var>
<arg>${elem}</arg>
<doc>Get element text (for hybrid and mobile browser use `xpath` locator, others might cause problem)</doc>
<msg timestamp="20230830 01:51:19.742" level="INFO">Element '&lt;appium.webdriver.webelement.WebElement (session="8715e94a-95d4-48b5-b270-fe045c7cf5c2", element="cfbc0090-63d1-41fb-89ba-159268de2152")&gt;' text is '2021' </msg>
<msg timestamp="20230830 01:51:19.742" level="INFO">${str} = 2021</msg>
<status status="PASS" starttime="20230830 01:51:19.732" endtime="20230830 01:51:19.742"/>
</kw>
<if>
<branch type="IF" condition="${str} == ${TARGET_YEAR}">
<kw name="Click Element" library="AppiumLibrary">
<arg>${elem}</arg>
<doc>Click element identified by `locator`.</doc>
<status status="NOT RUN" starttime="20230830 01:51:19.745" endtime="20230830 01:51:19.745"/>
</kw>
<kw name="Set Variable" library="BuiltIn">
<var>${flag}</var>
<arg>${str}</arg>
<doc>Returns the given values which can then be assigned to a variables.</doc>
<status status="NOT RUN" starttime="20230830 01:51:19.745" endtime="20230830 01:51:19.745"/>
</kw>
<kw name="Exit For Loop" library="BuiltIn">
<doc>Stops executing the enclosing FOR loop.</doc>
<status status="NOT RUN" starttime="20230830 01:51:19.746" endtime="20230830 01:51:19.746"/>
</kw>
<status status="NOT RUN" starttime="20230830 01:51:19.744" endtime="20230830 01:51:19.746"/>
</branch>
<status status="PASS" starttime="20230830 01:51:19.744" endtime="20230830 01:51:19.746"/>
</if>
<status status="PASS" starttime="20230830 01:51:19.732" endtime="20230830 01:51:19.746"/>
</iter>
<iter>
<var name="${elem}">&lt;appium.webdriver.webelement.WebElement (session="8715e94a-95d4-48b5-b270-fe045c7cf5c2", element="0d398745-c4d8-4040-a7e3-d0523489fb84")&gt;</var>
<kw name="Get Text" library="AppiumLibrary">
<var>${str}</var>
<arg>${elem}</arg>
<doc>Get element text (for hybrid and mobile browser use `xpath` locator, others might cause problem)</doc>
<msg timestamp="20230830 01:51:19.761" level="INFO">Element '&lt;appium.webdriver.webelement.WebElement (session="8715e94a-95d4-48b5-b270-fe045c7cf5c2", element="0d398745-c4d8-4040-a7e3-d0523489fb84")&gt;' text is '2022' </msg>
<msg timestamp="20230830 01:51:19.761" level="INFO">${str} = 2022</msg>
<status status="PASS" starttime="20230830 01:51:19.747" endtime="20230830 01:51:19.762"/>
</kw>
<if>
<branch type="IF" condition="${str} == ${TARGET_YEAR}">
<kw name="Click Element" library="AppiumLibrary">
<arg>${elem}</arg>
<doc>Click element identified by `locator`.</doc>
<status status="NOT RUN" starttime="20230830 01:51:19.763" endtime="20230830 01:51:19.763"/>
</kw>
<kw name="Set Variable" library="BuiltIn">
<var>${flag}</var>
<arg>${str}</arg>
<doc>Returns the given values which can then be assigned to a variables.</doc>
<status status="NOT RUN" starttime="20230830 01:51:19.764" endtime="20230830 01:51:19.764"/>
</kw>
<kw name="Exit For Loop" library="BuiltIn">
<doc>Stops executing the enclosing FOR loop.</doc>
<status status="NOT RUN" starttime="20230830 01:51:19.764" endtime="20230830 01:51:19.764"/>
</kw>
<status status="NOT RUN" starttime="20230830 01:51:19.762" endtime="20230830 01:51:19.764"/>
</branch>
<status status="PASS" starttime="20230830 01:51:19.762" endtime="20230830 01:51:19.764"/>
</if>
<status status="PASS" starttime="20230830 01:51:19.746" endtime="20230830 01:51:19.764"/>
</iter>
<iter>
<var name="${elem}">&lt;appium.webdriver.webelement.WebElement (session="8715e94a-95d4-48b5-b270-fe045c7cf5c2", element="a8270032-b6f0-4c42-8207-2417e97c80c7")&gt;</var>
<kw name="Get Text" library="AppiumLibrary">
<var>${str}</var>
<arg>${elem}</arg>
<doc>Get element text (for hybrid and mobile browser use `xpath` locator, others might cause problem)</doc>
<msg timestamp="20230830 01:51:19.782" level="INFO">Element '&lt;appium.webdriver.webelement.WebElement (session="8715e94a-95d4-48b5-b270-fe045c7cf5c2", element="a8270032-b6f0-4c42-8207-2417e97c80c7")&gt;' text is '2023' </msg>
<msg timestamp="20230830 01:51:19.783" level="INFO">${str} = 2023</msg>
<status status="PASS" starttime="20230830 01:51:19.765" endtime="20230830 01:51:19.783"/>
</kw>
<if>
<branch type="IF" condition="${str} == ${TARGET_YEAR}">
<kw name="Click Element" library="AppiumLibrary">
<arg>${elem}</arg>
<doc>Click element identified by `locator`.</doc>
<status status="NOT RUN" starttime="20230830 01:51:19.784" endtime="20230830 01:51:19.784"/>
</kw>
<kw name="Set Variable" library="BuiltIn">
<var>${flag}</var>
<arg>${str}</arg>
<doc>Returns the given values which can then be assigned to a variables.</doc>
<status status="NOT RUN" starttime="20230830 01:51:19.784" endtime="20230830 01:51:19.784"/>
</kw>
<kw name="Exit For Loop" library="BuiltIn">
<doc>Stops executing the enclosing FOR loop.</doc>
<status status="NOT RUN" starttime="20230830 01:51:19.784" endtime="20230830 01:51:19.784"/>
</kw>
<status status="NOT RUN" starttime="20230830 01:51:19.783" endtime="20230830 01:51:19.784"/>
</branch>
<status status="PASS" starttime="20230830 01:51:19.783" endtime="20230830 01:51:19.784"/>
</if>
<status status="PASS" starttime="20230830 01:51:19.764" endtime="20230830 01:51:19.785"/>
</iter>
<status status="PASS" starttime="20230830 01:51:19.656" endtime="20230830 01:51:19.785"/>
</for>
<kw name="Exit For Loop If" library="BuiltIn">
<arg>${str} == ${flag}</arg>
<doc>Stops executing the enclosing FOR loop if the ``condition`` is true.</doc>
<status status="PASS" starttime="20230830 01:51:19.785" endtime="20230830 01:51:19.786"/>
</kw>
<kw name="Set Variable" library="BuiltIn">
<var>${FIRST_ELEM}</var>
<arg>${elements}[0]</arg>
<doc>Returns the given values which can then be assigned to a variables.</doc>
<msg timestamp="20230830 01:51:19.788" level="INFO">${FIRST_ELEM} = &lt;appium.webdriver.webelement.WebElement (session="8715e94a-95d4-48b5-b270-fe045c7cf5c2", element="13b7ad75-1d24-4d89-9e29-cd19459aa04a")&gt;</msg>
<status status="PASS" starttime="20230830 01:51:19.787" endtime="20230830 01:51:19.788"/>
</kw>
<kw name="Get Text" library="AppiumLibrary">
<var>${TEXT_OF_FIRST}</var>
<arg>${FIRST_ELEM}</arg>
<doc>Get element text (for hybrid and mobile browser use `xpath` locator, others might cause problem)</doc>
<msg timestamp="20230830 01:51:19.803" level="INFO">Element '&lt;appium.webdriver.webelement.WebElement (session="8715e94a-95d4-48b5-b270-fe045c7cf5c2", element="13b7ad75-1d24-4d89-9e29-cd19459aa04a")&gt;' text is '2017' </msg>
<msg timestamp="20230830 01:51:19.804" level="INFO">${TEXT_OF_FIRST} = 2017</msg>
<status status="PASS" starttime="20230830 01:51:19.789" endtime="20230830 01:51:19.804"/>
</kw>
<if>
<branch type="IF" condition="${TEXT_OF_FIRST} &lt; ${TARGET_YEAR}">
<kw name="Swipe By Percent" library="AppiumLibrary">
<arg>50</arg>
<arg>65</arg>
<arg>50</arg>
<arg>35</arg>
<arg>1000</arg>
<doc>Swipe from one percent of the screen to another percent, for an optional duration.
Normal swipe fails to scale for different screen resolutions, this can be avoided using percent.</doc>
<status status="NOT RUN" starttime="20230830 01:51:19.805" endtime="20230830 01:51:19.806"/>
</kw>
<status status="NOT RUN" starttime="20230830 01:51:19.804" endtime="20230830 01:51:19.806"/>
</branch>
<branch type="ELSE IF" condition="${TEXT_OF_FIRST} &gt; ${TARGET_YEAR}">
<kw name="Swipe By Percent" library="AppiumLibrary">
<arg>50</arg>
<arg>35</arg>
<arg>50</arg>
<arg>65</arg>
<arg>1000</arg>
<doc>Swipe from one percent of the screen to another percent, for an optional duration.
Normal swipe fails to scale for different screen resolutions, this can be avoided using percent.</doc>
<status status="PASS" starttime="20230830 01:51:19.806" endtime="20230830 01:51:21.130"/>
</kw>
<status status="PASS" starttime="20230830 01:51:19.806" endtime="20230830 01:51:21.130"/>
</branch>
<status status="PASS" starttime="20230830 01:51:19.804" endtime="20230830 01:51:21.130"/>
</if>
<status status="PASS" starttime="20230830 01:51:18.963" endtime="20230830 01:51:21.130"/>
</iter>
<iter>
<var name="${j}">1</var>
<kw name="Get Webelements" library="AppiumLibrary">
<var>${elements}</var>
<arg>${YEAR_LIST}</arg>
<doc>Returns list of [http://selenium-python.readthedocs.io/api.html#module-selenium.webdriver.remote.webelement|WebElement] objects matching ``locator``.</doc>
<msg timestamp="20230830 01:51:21.928" level="INFO">xpath criteria: //android.widget.ListView/android.widget.TextView</msg>
<msg timestamp="20230830 01:51:21.929" level="INFO">${elements} = [&lt;appium.webdriver.webelement.WebElement (session="8715e94a-95d4-48b5-b270-fe045c7cf5c2", element="c427d393-c971-4107-920b-e9ebe392d1dd")&gt;, &lt;appium.webdriver.webelement.WebElement (session="8715e94a-9...</msg>
<status status="PASS" starttime="20230830 01:51:21.131" endtime="20230830 01:51:21.930"/>
</kw>
<kw name="Set Variable" library="BuiltIn">
<var>${flag}</var>
<arg>20</arg>
<doc>Returns the given values which can then be assigned to a variables.</doc>
<msg timestamp="20230830 01:51:21.931" level="INFO">${flag} = 20</msg>
<status status="PASS" starttime="20230830 01:51:21.930" endtime="20230830 01:51:21.931"/>
</kw>
<kw name="Set Variable" library="BuiltIn">
<var>${str}</var>
<arg>20</arg>
<doc>Returns the given values which can then be assigned to a variables.</doc>
<msg timestamp="20230830 01:51:21.933" level="INFO">${str} = 20</msg>
<status status="PASS" starttime="20230830 01:51:21.932" endtime="20230830 01:51:21.935"/>
</kw>
<for flavor="IN">
<var>${elem}</var>
<value>@{elements}</value>
<iter>
<var name="${elem}">&lt;appium.webdriver.webelement.WebElement (session="8715e94a-95d4-48b5-b270-fe045c7cf5c2", element="c427d393-c971-4107-920b-e9ebe392d1dd")&gt;</var>
<kw name="Get Text" library="AppiumLibrary">
<var>${str}</var>
<arg>${elem}</arg>
<doc>Get element text (for hybrid and mobile browser use `xpath` locator, others might cause problem)</doc>
<msg timestamp="20230830 01:51:21.984" level="INFO">Element '&lt;appium.webdriver.webelement.WebElement (session="8715e94a-95d4-48b5-b270-fe045c7cf5c2", element="c427d393-c971-4107-920b-e9ebe392d1dd")&gt;' text is '2012' </msg>
<msg timestamp="20230830 01:51:21.984" level="INFO">${str} = 2012</msg>
<status status="PASS" starttime="20230830 01:51:21.936" endtime="20230830 01:51:21.984"/>
</kw>
<if>
<branch type="IF" condition="${str} == ${TARGET_YEAR}">
<kw name="Click Element" library="AppiumLibrary">
<arg>${elem}</arg>
<doc>Click element identified by `locator`.</doc>
<status status="NOT RUN" starttime="20230830 01:51:21.985" endtime="20230830 01:51:21.986"/>
</kw>
<kw name="Set Variable" library="BuiltIn">
<var>${flag}</var>
<arg>${str}</arg>
<doc>Returns the given values which can then be assigned to a variables.</doc>
<status status="NOT RUN" starttime="20230830 01:51:21.987" endtime="20230830 01:51:21.987"/>
</kw>
<kw name="Exit For Loop" library="BuiltIn">
<doc>Stops executing the enclosing FOR loop.</doc>
<status status="NOT RUN" starttime="20230830 01:51:21.988" endtime="20230830 01:51:21.988"/>
</kw>
<status status="NOT RUN" starttime="20230830 01:51:21.985" endtime="20230830 01:51:21.988"/>
</branch>
<status status="PASS" starttime="20230830 01:51:21.985" endtime="20230830 01:51:21.988"/>
</if>
<status status="PASS" starttime="20230830 01:51:21.936" endtime="20230830 01:51:21.988"/>
</iter>
<iter>
<var name="${elem}">&lt;appium.webdriver.webelement.WebElement (session="8715e94a-95d4-48b5-b270-fe045c7cf5c2", element="f95f20a6-e84b-4417-8d4e-20b4fa1f6934")&gt;</var>
<kw name="Get Text" library="AppiumLibrary">
<var>${str}</var>
<arg>${elem}</arg>
<doc>Get element text (for hybrid and mobile browser use `xpath` locator, others might cause problem)</doc>
<msg timestamp="20230830 01:51:22.007" level="INFO">Element '&lt;appium.webdriver.webelement.WebElement (session="8715e94a-95d4-48b5-b270-fe045c7cf5c2", element="f95f20a6-e84b-4417-8d4e-20b4fa1f6934")&gt;' text is '2013' </msg>
<msg timestamp="20230830 01:51:22.007" level="INFO">${str} = 2013</msg>
<status status="PASS" starttime="20230830 01:51:21.989" endtime="20230830 01:51:22.008"/>
</kw>
<if>
<branch type="IF" condition="${str} == ${TARGET_YEAR}">
<kw name="Click Element" library="AppiumLibrary">
<arg>${elem}</arg>
<doc>Click element identified by `locator`.</doc>
<status status="NOT RUN" starttime="20230830 01:51:22.009" endtime="20230830 01:51:22.009"/>
</kw>
<kw name="Set Variable" library="BuiltIn">
<var>${flag}</var>
<arg>${str}</arg>
<doc>Returns the given values which can then be assigned to a variables.</doc>
<status status="NOT RUN" starttime="20230830 01:51:22.010" endtime="20230830 01:51:22.010"/>
</kw>
<kw name="Exit For Loop" library="BuiltIn">
<doc>Stops executing the enclosing FOR loop.</doc>
<status status="NOT RUN" starttime="20230830 01:51:22.010" endtime="20230830 01:51:22.011"/>
</kw>
<status status="NOT RUN" starttime="20230830 01:51:22.008" endtime="20230830 01:51:22.011"/>
</branch>
<status status="PASS" starttime="20230830 01:51:22.008" endtime="20230830 01:51:22.011"/>
</if>
<status status="PASS" starttime="20230830 01:51:21.989" endtime="20230830 01:51:22.011"/>
</iter>
<iter>
<var name="${elem}">&lt;appium.webdriver.webelement.WebElement (session="8715e94a-95d4-48b5-b270-fe045c7cf5c2", element="9de94ecf-344b-45a3-b41a-9a997d0bd41b")&gt;</var>
<kw name="Get Text" library="AppiumLibrary">
<var>${str}</var>
<arg>${elem}</arg>
<doc>Get element text (for hybrid and mobile browser use `xpath` locator, others might cause problem)</doc>
<msg timestamp="20230830 01:51:22.027" level="INFO">Element '&lt;appium.webdriver.webelement.WebElement (session="8715e94a-95d4-48b5-b270-fe045c7cf5c2", element="9de94ecf-344b-45a3-b41a-9a997d0bd41b")&gt;' text is '2014' </msg>
<msg timestamp="20230830 01:51:22.028" level="INFO">${str} = 2014</msg>
<status status="PASS" starttime="20230830 01:51:22.012" endtime="20230830 01:51:22.028"/>
</kw>
<if>
<branch type="IF" condition="${str} == ${TARGET_YEAR}">
<kw name="Click Element" library="AppiumLibrary">
<arg>${elem}</arg>
<doc>Click element identified by `locator`.</doc>
<status status="NOT RUN" starttime="20230830 01:51:22.029" endtime="20230830 01:51:22.030"/>
</kw>
<kw name="Set Variable" library="BuiltIn">
<var>${flag}</var>
<arg>${str}</arg>
<doc>Returns the given values which can then be assigned to a variables.</doc>
<status status="NOT RUN" starttime="20230830 01:51:22.030" endtime="20230830 01:51:22.030"/>
</kw>
<kw name="Exit For Loop" library="BuiltIn">
<doc>Stops executing the enclosing FOR loop.</doc>
<status status="NOT RUN" starttime="20230830 01:51:22.030" endtime="20230830 01:51:22.030"/>
</kw>
<status status="NOT RUN" starttime="20230830 01:51:22.029" endtime="20230830 01:51:22.030"/>
</branch>
<status status="PASS" starttime="20230830 01:51:22.029" endtime="20230830 01:51:22.030"/>
</if>
<status status="PASS" starttime="20230830 01:51:22.011" endtime="20230830 01:51:22.030"/>
</iter>
<iter>
<var name="${elem}">&lt;appium.webdriver.webelement.WebElement (session="8715e94a-95d4-48b5-b270-fe045c7cf5c2", element="d441c035-6754-4a05-ade1-3ff4d8c8e00f")&gt;</var>
<kw name="Get Text" library="AppiumLibrary">
<var>${str}</var>
<arg>${elem}</arg>
<doc>Get element text (for hybrid and mobile browser use `xpath` locator, others might cause problem)</doc>
<msg timestamp="20230830 01:51:22.041" level="INFO">Element '&lt;appium.webdriver.webelement.WebElement (session="8715e94a-95d4-48b5-b270-fe045c7cf5c2", element="d441c035-6754-4a05-ade1-3ff4d8c8e00f")&gt;' text is '2015' </msg>
<msg timestamp="20230830 01:51:22.042" level="INFO">${str} = 2015</msg>
<status status="PASS" starttime="20230830 01:51:22.031" endtime="20230830 01:51:22.043"/>
</kw>
<if>
<branch type="IF" condition="${str} == ${TARGET_YEAR}">
<kw name="Click Element" library="AppiumLibrary">
<arg>${elem}</arg>
<doc>Click element identified by `locator`.</doc>
<status status="NOT RUN" starttime="20230830 01:51:22.043" endtime="20230830 01:51:22.044"/>
</kw>
<kw name="Set Variable" library="BuiltIn">
<var>${flag}</var>
<arg>${str}</arg>
<doc>Returns the given values which can then be assigned to a variables.</doc>
<status status="NOT RUN" starttime="20230830 01:51:22.044" endtime="20230830 01:51:22.044"/>
</kw>
<kw name="Exit For Loop" library="BuiltIn">
<doc>Stops executing the enclosing FOR loop.</doc>
<status status="NOT RUN" starttime="20230830 01:51:22.044" endtime="20230830 01:51:22.045"/>
</kw>
<status status="NOT RUN" starttime="20230830 01:51:22.043" endtime="20230830 01:51:22.045"/>
</branch>
<status status="PASS" starttime="20230830 01:51:22.043" endtime="20230830 01:51:22.045"/>
</if>
<status status="PASS" starttime="20230830 01:51:22.031" endtime="20230830 01:51:22.045"/>
</iter>
<iter>
<var name="${elem}">&lt;appium.webdriver.webelement.WebElement (session="8715e94a-95d4-48b5-b270-fe045c7cf5c2", element="6bab86a8-c545-46a9-adcb-8a4cfa4b16a0")&gt;</var>
<kw name="Get Text" library="AppiumLibrary">
<var>${str}</var>
<arg>${elem}</arg>
<doc>Get element text (for hybrid and mobile browser use `xpath` locator, others might cause problem)</doc>
<msg timestamp="20230830 01:51:22.058" level="INFO">Element '&lt;appium.webdriver.webelement.WebElement (session="8715e94a-95d4-48b5-b270-fe045c7cf5c2", element="6bab86a8-c545-46a9-adcb-8a4cfa4b16a0")&gt;' text is '2016' </msg>
<msg timestamp="20230830 01:51:22.060" level="INFO">${str} = 2016</msg>
<status status="PASS" starttime="20230830 01:51:22.045" endtime="20230830 01:51:22.060"/>
</kw>
<if>
<branch type="IF" condition="${str} == ${TARGET_YEAR}">
<kw name="Click Element" library="AppiumLibrary">
<arg>${elem}</arg>
<doc>Click element identified by `locator`.</doc>
<status status="NOT RUN" starttime="20230830 01:51:22.061" endtime="20230830 01:51:22.061"/>
</kw>
<kw name="Set Variable" library="BuiltIn">
<var>${flag}</var>
<arg>${str}</arg>
<doc>Returns the given values which can then be assigned to a variables.</doc>
<status status="NOT RUN" starttime="20230830 01:51:22.062" endtime="20230830 01:51:22.062"/>
</kw>
<kw name="Exit For Loop" library="BuiltIn">
<doc>Stops executing the enclosing FOR loop.</doc>
<status status="NOT RUN" starttime="20230830 01:51:22.062" endtime="20230830 01:51:22.062"/>
</kw>
<status status="NOT RUN" starttime="20230830 01:51:22.060" endtime="20230830 01:51:22.063"/>
</branch>
<status status="PASS" starttime="20230830 01:51:22.060" endtime="20230830 01:51:22.063"/>
</if>
<status status="PASS" starttime="20230830 01:51:22.045" endtime="20230830 01:51:22.063"/>
</iter>
<iter>
<var name="${elem}">&lt;appium.webdriver.webelement.WebElement (session="8715e94a-95d4-48b5-b270-fe045c7cf5c2", element="2a041ddf-571d-489c-b6c5-b162723148c4")&gt;</var>
<kw name="Get Text" library="AppiumLibrary">
<var>${str}</var>
<arg>${elem}</arg>
<doc>Get element text (for hybrid and mobile browser use `xpath` locator, others might cause problem)</doc>
<msg timestamp="20230830 01:51:22.074" level="INFO">Element '&lt;appium.webdriver.webelement.WebElement (session="8715e94a-95d4-48b5-b270-fe045c7cf5c2", element="2a041ddf-571d-489c-b6c5-b162723148c4")&gt;' text is '2017' </msg>
<msg timestamp="20230830 01:51:22.074" level="INFO">${str} = 2017</msg>
<status status="PASS" starttime="20230830 01:51:22.063" endtime="20230830 01:51:22.075"/>
</kw>
<if>
<branch type="IF" condition="${str} == ${TARGET_YEAR}">
<kw name="Click Element" library="AppiumLibrary">
<arg>${elem}</arg>
<doc>Click element identified by `locator`.</doc>
<status status="NOT RUN" starttime="20230830 01:51:22.076" endtime="20230830 01:51:22.077"/>
</kw>
<kw name="Set Variable" library="BuiltIn">
<var>${flag}</var>
<arg>${str}</arg>
<doc>Returns the given values which can then be assigned to a variables.</doc>
<status status="NOT RUN" starttime="20230830 01:51:22.077" endtime="20230830 01:51:22.078"/>
</kw>
<kw name="Exit For Loop" library="BuiltIn">
<doc>Stops executing the enclosing FOR loop.</doc>
<status status="NOT RUN" starttime="20230830 01:51:22.078" endtime="20230830 01:51:22.078"/>
</kw>
<status status="NOT RUN" starttime="20230830 01:51:22.075" endtime="20230830 01:51:22.078"/>
</branch>
<status status="PASS" starttime="20230830 01:51:22.075" endtime="20230830 01:51:22.079"/>
</if>
<status status="PASS" starttime="20230830 01:51:22.063" endtime="20230830 01:51:22.079"/>
</iter>
<iter>
<var name="${elem}">&lt;appium.webdriver.webelement.WebElement (session="8715e94a-95d4-48b5-b270-fe045c7cf5c2", element="93537cd5-621e-4287-9614-8bd9414bb803")&gt;</var>
<kw name="Get Text" library="AppiumLibrary">
<var>${str}</var>
<arg>${elem}</arg>
<doc>Get element text (for hybrid and mobile browser use `xpath` locator, others might cause problem)</doc>
<msg timestamp="20230830 01:51:22.093" level="INFO">Element '&lt;appium.webdriver.webelement.WebElement (session="8715e94a-95d4-48b5-b270-fe045c7cf5c2", element="93537cd5-621e-4287-9614-8bd9414bb803")&gt;' text is '2018' </msg>
<msg timestamp="20230830 01:51:22.094" level="INFO">${str} = 2018</msg>
<status status="PASS" starttime="20230830 01:51:22.079" endtime="20230830 01:51:22.095"/>
</kw>
<if>
<branch type="IF" condition="${str} == ${TARGET_YEAR}">
<kw name="Click Element" library="AppiumLibrary">
<arg>${elem}</arg>
<doc>Click element identified by `locator`.</doc>
<status status="NOT RUN" starttime="20230830 01:51:22.095" endtime="20230830 01:51:22.096"/>
</kw>
<kw name="Set Variable" library="BuiltIn">
<var>${flag}</var>
<arg>${str}</arg>
<doc>Returns the given values which can then be assigned to a variables.</doc>
<status status="NOT RUN" starttime="20230830 01:51:22.096" endtime="20230830 01:51:22.096"/>
</kw>
<kw name="Exit For Loop" library="BuiltIn">
<doc>Stops executing the enclosing FOR loop.</doc>
<status status="NOT RUN" starttime="20230830 01:51:22.096" endtime="20230830 01:51:22.096"/>
</kw>
<status status="NOT RUN" starttime="20230830 01:51:22.095" endtime="20230830 01:51:22.097"/>
</branch>
<status status="PASS" starttime="20230830 01:51:22.095" endtime="20230830 01:51:22.097"/>
</if>
<status status="PASS" starttime="20230830 01:51:22.079" endtime="20230830 01:51:22.097"/>
</iter>
<iter>
<var name="${elem}">&lt;appium.webdriver.webelement.WebElement (session="8715e94a-95d4-48b5-b270-fe045c7cf5c2", element="675fde31-aa04-4d26-9b27-b93b07e548b6")&gt;</var>
<kw name="Get Text" library="AppiumLibrary">
<var>${str}</var>
<arg>${elem}</arg>
<doc>Get element text (for hybrid and mobile browser use `xpath` locator, others might cause problem)</doc>
<msg timestamp="20230830 01:51:22.107" level="INFO">Element '&lt;appium.webdriver.webelement.WebElement (session="8715e94a-95d4-48b5-b270-fe045c7cf5c2", element="675fde31-aa04-4d26-9b27-b93b07e548b6")&gt;' text is '2019' </msg>
<msg timestamp="20230830 01:51:22.108" level="INFO">${str} = 2019</msg>
<status status="PASS" starttime="20230830 01:51:22.097" endtime="20230830 01:51:22.108"/>
</kw>
<if>
<branch type="IF" condition="${str} == ${TARGET_YEAR}">
<kw name="Click Element" library="AppiumLibrary">
<arg>${elem}</arg>
<doc>Click element identified by `locator`.</doc>
<status status="NOT RUN" starttime="20230830 01:51:22.109" endtime="20230830 01:51:22.110"/>
</kw>
<kw name="Set Variable" library="BuiltIn">
<var>${flag}</var>
<arg>${str}</arg>
<doc>Returns the given values which can then be assigned to a variables.</doc>
<status status="NOT RUN" starttime="20230830 01:51:22.110" endtime="20230830 01:51:22.110"/>
</kw>
<kw name="Exit For Loop" library="BuiltIn">
<doc>Stops executing the enclosing FOR loop.</doc>
<status status="NOT RUN" starttime="20230830 01:51:22.111" endtime="20230830 01:51:22.111"/>
</kw>
<status status="NOT RUN" starttime="20230830 01:51:22.108" endtime="20230830 01:51:22.111"/>
</branch>
<status status="PASS" starttime="20230830 01:51:22.108" endtime="20230830 01:51:22.111"/>
</if>
<status status="PASS" starttime="20230830 01:51:22.097" endtime="20230830 01:51:22.111"/>
</iter>
<status status="PASS" starttime="20230830 01:51:21.935" endtime="20230830 01:51:22.111"/>
</for>
<kw name="Exit For Loop If" library="BuiltIn">
<arg>${str} == ${flag}</arg>
<doc>Stops executing the enclosing FOR loop if the ``condition`` is true.</doc>
<status status="PASS" starttime="20230830 01:51:22.112" endtime="20230830 01:51:22.112"/>
</kw>
<kw name="Set Variable" library="BuiltIn">
<var>${FIRST_ELEM}</var>
<arg>${elements}[0]</arg>
<doc>Returns the given values which can then be assigned to a variables.</doc>
<msg timestamp="20230830 01:51:22.112" level="INFO">${FIRST_ELEM} = &lt;appium.webdriver.webelement.WebElement (session="8715e94a-95d4-48b5-b270-fe045c7cf5c2", element="c427d393-c971-4107-920b-e9ebe392d1dd")&gt;</msg>
<status status="PASS" starttime="20230830 01:51:22.112" endtime="20230830 01:51:22.114"/>
</kw>
<kw name="Get Text" library="AppiumLibrary">
<var>${TEXT_OF_FIRST}</var>
<arg>${FIRST_ELEM}</arg>
<doc>Get element text (for hybrid and mobile browser use `xpath` locator, others might cause problem)</doc>
<msg timestamp="20230830 01:51:22.129" level="INFO">Element '&lt;appium.webdriver.webelement.WebElement (session="8715e94a-95d4-48b5-b270-fe045c7cf5c2", element="c427d393-c971-4107-920b-e9ebe392d1dd")&gt;' text is '2012' </msg>
<msg timestamp="20230830 01:51:22.130" level="INFO">${TEXT_OF_FIRST} = 2012</msg>
<status status="PASS" starttime="20230830 01:51:22.114" endtime="20230830 01:51:22.130"/>
</kw>
<if>
<branch type="IF" condition="${TEXT_OF_FIRST} &lt; ${TARGET_YEAR}">
<kw name="Swipe By Percent" library="AppiumLibrary">
<arg>50</arg>
<arg>65</arg>
<arg>50</arg>
<arg>35</arg>
<arg>1000</arg>
<doc>Swipe from one percent of the screen to another percent, for an optional duration.
Normal swipe fails to scale for different screen resolutions, this can be avoided using percent.</doc>
<status status="NOT RUN" starttime="20230830 01:51:22.131" endtime="20230830 01:51:22.131"/>
</kw>
<status status="NOT RUN" starttime="20230830 01:51:22.130" endtime="20230830 01:51:22.131"/>
</branch>
<branch type="ELSE IF" condition="${TEXT_OF_FIRST} &gt; ${TARGET_YEAR}">
<kw name="Swipe By Percent" library="AppiumLibrary">
<arg>50</arg>
<arg>35</arg>
<arg>50</arg>
<arg>65</arg>
<arg>1000</arg>
<doc>Swipe from one percent of the screen to another percent, for an optional duration.
Normal swipe fails to scale for different screen resolutions, this can be avoided using percent.</doc>
<status status="PASS" starttime="20230830 01:51:22.132" endtime="20230830 01:51:23.501"/>
</kw>
<status status="PASS" starttime="20230830 01:51:22.131" endtime="20230830 01:51:23.501"/>
</branch>
<status status="PASS" starttime="20230830 01:51:22.130" endtime="20230830 01:51:23.501"/>
</if>
<status status="PASS" starttime="20230830 01:51:21.130" endtime="20230830 01:51:23.501"/>
</iter>
<iter>
<var name="${j}">2</var>
<kw name="Get Webelements" library="AppiumLibrary">
<var>${elements}</var>
<arg>${YEAR_LIST}</arg>
<doc>Returns list of [http://selenium-python.readthedocs.io/api.html#module-selenium.webdriver.remote.webelement|WebElement] objects matching ``locator``.</doc>
<msg timestamp="20230830 01:51:24.366" level="INFO">xpath criteria: //android.widget.ListView/android.widget.TextView</msg>
<msg timestamp="20230830 01:51:24.367" level="INFO">${elements} = [&lt;appium.webdriver.webelement.WebElement (session="8715e94a-95d4-48b5-b270-fe045c7cf5c2", element="c0fb76b5-9b8a-432b-9590-096db7310b41")&gt;, &lt;appium.webdriver.webelement.WebElement (session="8715e94a-9...</msg>
<status status="PASS" starttime="20230830 01:51:23.501" endtime="20230830 01:51:24.367"/>
</kw>
<kw name="Set Variable" library="BuiltIn">
<var>${flag}</var>
<arg>20</arg>
<doc>Returns the given values which can then be assigned to a variables.</doc>
<msg timestamp="20230830 01:51:24.368" level="INFO">${flag} = 20</msg>
<status status="PASS" starttime="20230830 01:51:24.368" endtime="20230830 01:51:24.369"/>
</kw>
<kw name="Set Variable" library="BuiltIn">
<var>${str}</var>
<arg>20</arg>
<doc>Returns the given values which can then be assigned to a variables.</doc>
<msg timestamp="20230830 01:51:24.371" level="INFO">${str} = 20</msg>
<status status="PASS" starttime="20230830 01:51:24.370" endtime="20230830 01:51:24.371"/>
</kw>
<for flavor="IN">
<var>${elem}</var>
<value>@{elements}</value>
<iter>
<var name="${elem}">&lt;appium.webdriver.webelement.WebElement (session="8715e94a-95d4-48b5-b270-fe045c7cf5c2", element="c0fb76b5-9b8a-432b-9590-096db7310b41")&gt;</var>
<kw name="Get Text" library="AppiumLibrary">
<var>${str}</var>
<arg>${elem}</arg>
<doc>Get element text (for hybrid and mobile browser use `xpath` locator, others might cause problem)</doc>
<msg timestamp="20230830 01:51:24.410" level="INFO">Element '&lt;appium.webdriver.webelement.WebElement (session="8715e94a-95d4-48b5-b270-fe045c7cf5c2", element="c0fb76b5-9b8a-432b-9590-096db7310b41")&gt;' text is '2006' </msg>
<msg timestamp="20230830 01:51:24.411" level="INFO">${str} = 2006</msg>
<status status="PASS" starttime="20230830 01:51:24.373" endtime="20230830 01:51:24.411"/>
</kw>
<if>
<branch type="IF" condition="${str} == ${TARGET_YEAR}">
<kw name="Click Element" library="AppiumLibrary">
<arg>${elem}</arg>
<doc>Click element identified by `locator`.</doc>
<status status="NOT RUN" starttime="20230830 01:51:24.412" endtime="20230830 01:51:24.414"/>
</kw>
<kw name="Set Variable" library="BuiltIn">
<var>${flag}</var>
<arg>${str}</arg>
<doc>Returns the given values which can then be assigned to a variables.</doc>
<status status="NOT RUN" starttime="20230830 01:51:24.414" endtime="20230830 01:51:24.415"/>
</kw>
<kw name="Exit For Loop" library="BuiltIn">
<doc>Stops executing the enclosing FOR loop.</doc>
<status status="NOT RUN" starttime="20230830 01:51:24.415" endtime="20230830 01:51:24.416"/>
</kw>
<status status="NOT RUN" starttime="20230830 01:51:24.412" endtime="20230830 01:51:24.416"/>
</branch>
<status status="PASS" starttime="20230830 01:51:24.412" endtime="20230830 01:51:24.417"/>
</if>
<status status="PASS" starttime="20230830 01:51:24.373" endtime="20230830 01:51:24.417"/>
</iter>
<iter>
<var name="${elem}">&lt;appium.webdriver.webelement.WebElement (session="8715e94a-95d4-48b5-b270-fe045c7cf5c2", element="d89b4e69-29eb-417a-b90c-7cfcabd71bd9")&gt;</var>
<kw name="Get Text" library="AppiumLibrary">
<var>${str}</var>
<arg>${elem}</arg>
<doc>Get element text (for hybrid and mobile browser use `xpath` locator, others might cause problem)</doc>
<msg timestamp="20230830 01:51:24.436" level="INFO">Element '&lt;appium.webdriver.webelement.WebElement (session="8715e94a-95d4-48b5-b270-fe045c7cf5c2", element="d89b4e69-29eb-417a-b90c-7cfcabd71bd9")&gt;' text is '2007' </msg>
<msg timestamp="20230830 01:51:24.437" level="INFO">${str} = 2007</msg>
<status status="PASS" starttime="20230830 01:51:24.418" endtime="20230830 01:51:24.439"/>
</kw>
<if>
<branch type="IF" condition="${str} == ${TARGET_YEAR}">
<kw name="Click Element" library="AppiumLibrary">
<arg>${elem}</arg>
<doc>Click element identified by `locator`.</doc>
<status status="NOT RUN" starttime="20230830 01:51:24.440" endtime="20230830 01:51:24.440"/>
</kw>
<kw name="Set Variable" library="BuiltIn">
<var>${flag}</var>
<arg>${str}</arg>
<doc>Returns the given values which can then be assigned to a variables.</doc>
<status status="NOT RUN" starttime="20230830 01:51:24.440" endtime="20230830 01:51:24.441"/>
</kw>
<kw name="Exit For Loop" library="BuiltIn">
<doc>Stops executing the enclosing FOR loop.</doc>
<status status="NOT RUN" starttime="20230830 01:51:24.441" endtime="20230830 01:51:24.441"/>
</kw>
<status status="NOT RUN" starttime="20230830 01:51:24.439" endtime="20230830 01:51:24.441"/>
</branch>
<status status="PASS" starttime="20230830 01:51:24.439" endtime="20230830 01:51:24.442"/>
</if>
<status status="PASS" starttime="20230830 01:51:24.418" endtime="20230830 01:51:24.442"/>
</iter>
<iter>
<var name="${elem}">&lt;appium.webdriver.webelement.WebElement (session="8715e94a-95d4-48b5-b270-fe045c7cf5c2", element="c9a250b2-db73-4d0e-b4f3-3f1d85b97965")&gt;</var>
<kw name="Get Text" library="AppiumLibrary">
<var>${str}</var>
<arg>${elem}</arg>
<doc>Get element text (for hybrid and mobile browser use `xpath` locator, others might cause problem)</doc>
<msg timestamp="20230830 01:51:24.457" level="INFO">Element '&lt;appium.webdriver.webelement.WebElement (session="8715e94a-95d4-48b5-b270-fe045c7cf5c2", element="c9a250b2-db73-4d0e-b4f3-3f1d85b97965")&gt;' text is '2008' </msg>
<msg timestamp="20230830 01:51:24.458" level="INFO">${str} = 2008</msg>
<status status="PASS" starttime="20230830 01:51:24.442" endtime="20230830 01:51:24.458"/>
</kw>
<if>
<branch type="IF" condition="${str} == ${TARGET_YEAR}">
<kw name="Click Element" library="AppiumLibrary">
<arg>${elem}</arg>
<doc>Click element identified by `locator`.</doc>
<status status="NOT RUN" starttime="20230830 01:51:24.459" endtime="20230830 01:51:24.460"/>
</kw>
<kw name="Set Variable" library="BuiltIn">
<var>${flag}</var>
<arg>${str}</arg>
<doc>Returns the given values which can then be assigned to a variables.</doc>
<status status="NOT RUN" starttime="20230830 01:51:24.460" endtime="20230830 01:51:24.460"/>
</kw>
<kw name="Exit For Loop" library="BuiltIn">
<doc>Stops executing the enclosing FOR loop.</doc>
<status status="NOT RUN" starttime="20230830 01:51:24.460" endtime="20230830 01:51:24.460"/>
</kw>
<status status="NOT RUN" starttime="20230830 01:51:24.459" endtime="20230830 01:51:24.461"/>
</branch>
<status status="PASS" starttime="20230830 01:51:24.459" endtime="20230830 01:51:24.461"/>
</if>
<status status="PASS" starttime="20230830 01:51:24.442" endtime="20230830 01:51:24.461"/>
</iter>
<iter>
<var name="${elem}">&lt;appium.webdriver.webelement.WebElement (session="8715e94a-95d4-48b5-b270-fe045c7cf5c2", element="5033e64d-4164-4cab-9058-8b525a527d5d")&gt;</var>
<kw name="Get Text" library="AppiumLibrary">
<var>${str}</var>
<arg>${elem}</arg>
<doc>Get element text (for hybrid and mobile browser use `xpath` locator, others might cause problem)</doc>
<msg timestamp="20230830 01:51:24.473" level="INFO">Element '&lt;appium.webdriver.webelement.WebElement (session="8715e94a-95d4-48b5-b270-fe045c7cf5c2", element="5033e64d-4164-4cab-9058-8b525a527d5d")&gt;' text is '2009' </msg>
<msg timestamp="20230830 01:51:24.473" level="INFO">${str} = 2009</msg>
<status status="PASS" starttime="20230830 01:51:24.461" endtime="20230830 01:51:24.473"/>
</kw>
<if>
<branch type="IF" condition="${str} == ${TARGET_YEAR}">
<kw name="Click Element" library="AppiumLibrary">
<arg>${elem}</arg>
<doc>Click element identified by `locator`.</doc>
<status status="NOT RUN" starttime="20230830 01:51:24.474" endtime="20230830 01:51:24.475"/>
</kw>
<kw name="Set Variable" library="BuiltIn">
<var>${flag}</var>
<arg>${str}</arg>
<doc>Returns the given values which can then be assigned to a variables.</doc>
<status status="NOT RUN" starttime="20230830 01:51:24.475" endtime="20230830 01:51:24.475"/>
</kw>
<kw name="Exit For Loop" library="BuiltIn">
<doc>Stops executing the enclosing FOR loop.</doc>
<status status="NOT RUN" starttime="20230830 01:51:24.476" endtime="20230830 01:51:24.476"/>
</kw>
<status status="NOT RUN" starttime="20230830 01:51:24.473" endtime="20230830 01:51:24.476"/>
</branch>
<status status="PASS" starttime="20230830 01:51:24.473" endtime="20230830 01:51:24.476"/>
</if>
<status status="PASS" starttime="20230830 01:51:24.461" endtime="20230830 01:51:24.476"/>
</iter>
<iter>
<var name="${elem}">&lt;appium.webdriver.webelement.WebElement (session="8715e94a-95d4-48b5-b270-fe045c7cf5c2", element="c866dafa-1c18-45a1-a172-aaf4edf86ffa")&gt;</var>
<kw name="Get Text" library="AppiumLibrary">
<var>${str}</var>
<arg>${elem}</arg>
<doc>Get element text (for hybrid and mobile browser use `xpath` locator, others might cause problem)</doc>
<msg timestamp="20230830 01:51:24.492" level="INFO">Element '&lt;appium.webdriver.webelement.WebElement (session="8715e94a-95d4-48b5-b270-fe045c7cf5c2", element="c866dafa-1c18-45a1-a172-aaf4edf86ffa")&gt;' text is '2010' </msg>
<msg timestamp="20230830 01:51:24.493" level="INFO">${str} = 2010</msg>
<status status="PASS" starttime="20230830 01:51:24.476" endtime="20230830 01:51:24.493"/>
</kw>
<if>
<branch type="IF" condition="${str} == ${TARGET_YEAR}">
<kw name="Click Element" library="AppiumLibrary">
<arg>${elem}</arg>
<doc>Click element identified by `locator`.</doc>
<status status="NOT RUN" starttime="20230830 01:51:24.494" endtime="20230830 01:51:24.494"/>
</kw>
<kw name="Set Variable" library="BuiltIn">
<var>${flag}</var>
<arg>${str}</arg>
<doc>Returns the given values which can then be assigned to a variables.</doc>
<status status="NOT RUN" starttime="20230830 01:51:24.495" endtime="20230830 01:51:24.495"/>
</kw>
<kw name="Exit For Loop" library="BuiltIn">
<doc>Stops executing the enclosing FOR loop.</doc>
<status status="NOT RUN" starttime="20230830 01:51:24.495" endtime="20230830 01:51:24.495"/>
</kw>
<status status="NOT RUN" starttime="20230830 01:51:24.493" endtime="20230830 01:51:24.495"/>
</branch>
<status status="PASS" starttime="20230830 01:51:24.493" endtime="20230830 01:51:24.496"/>
</if>
<status status="PASS" starttime="20230830 01:51:24.476" endtime="20230830 01:51:24.496"/>
</iter>
<iter>
<var name="${elem}">&lt;appium.webdriver.webelement.WebElement (session="8715e94a-95d4-48b5-b270-fe045c7cf5c2", element="ba282ba2-5177-42d9-b673-b1a3418201b4")&gt;</var>
<kw name="Get Text" library="AppiumLibrary">
<var>${str}</var>
<arg>${elem}</arg>
<doc>Get element text (for hybrid and mobile browser use `xpath` locator, others might cause problem)</doc>
<msg timestamp="20230830 01:51:24.507" level="INFO">Element '&lt;appium.webdriver.webelement.WebElement (session="8715e94a-95d4-48b5-b270-fe045c7cf5c2", element="ba282ba2-5177-42d9-b673-b1a3418201b4")&gt;' text is '2011' </msg>
<msg timestamp="20230830 01:51:24.508" level="INFO">${str} = 2011</msg>
<status status="PASS" starttime="20230830 01:51:24.496" endtime="20230830 01:51:24.508"/>
</kw>
<if>
<branch type="IF" condition="${str} == ${TARGET_YEAR}">
<kw name="Click Element" library="AppiumLibrary">
<arg>${elem}</arg>
<doc>Click element identified by `locator`.</doc>
<msg timestamp="20230830 01:51:24.510" level="INFO">Clicking element '&lt;appium.webdriver.webelement.WebElement (session="8715e94a-95d4-48b5-b270-fe045c7cf5c2", element="ba282ba2-5177-42d9-b673-b1a3418201b4")&gt;'.</msg>
<status status="PASS" starttime="20230830 01:51:24.509" endtime="20230830 01:51:25.230"/>
</kw>
<kw name="Set Variable" library="BuiltIn">
<var>${flag}</var>
<arg>${str}</arg>
<doc>Returns the given values which can then be assigned to a variables.</doc>
<msg timestamp="20230830 01:51:25.230" level="INFO">${flag} = 2011</msg>
<status status="PASS" starttime="20230830 01:51:25.230" endtime="20230830 01:51:25.230"/>
</kw>
<kw name="Exit For Loop" library="BuiltIn">
<doc>Stops executing the enclosing FOR loop.</doc>
<msg timestamp="20230830 01:51:25.231" level="INFO">Exiting for loop altogether.</msg>
<status status="PASS" starttime="20230830 01:51:25.231" endtime="20230830 01:51:25.231"/>
</kw>
<status status="PASS" starttime="20230830 01:51:24.508" endtime="20230830 01:51:25.231"/>
</branch>
<status status="PASS" starttime="20230830 01:51:24.508" endtime="20230830 01:51:25.231"/>
</if>
<status status="PASS" starttime="20230830 01:51:24.496" endtime="20230830 01:51:25.231"/>
</iter>
<status status="PASS" starttime="20230830 01:51:24.371" endtime="20230830 01:51:25.231"/>
</for>
<kw name="Exit For Loop If" library="BuiltIn">
<arg>${str} == ${flag}</arg>
<doc>Stops executing the enclosing FOR loop if the ``condition`` is true.</doc>
<msg timestamp="20230830 01:51:25.232" level="INFO">Exiting for loop altogether.</msg>
<status status="PASS" starttime="20230830 01:51:25.231" endtime="20230830 01:51:25.233"/>
</kw>
<kw name="Set Variable" library="BuiltIn">
<var>${FIRST_ELEM}</var>
<arg>${elements}[0]</arg>
<doc>Returns the given values which can then be assigned to a variables.</doc>
<status status="NOT RUN" starttime="20230830 01:51:25.233" endtime="20230830 01:51:25.233"/>
</kw>
<kw name="Get Text" library="AppiumLibrary">
<var>${TEXT_OF_FIRST}</var>
<arg>${FIRST_ELEM}</arg>
<doc>Get element text (for hybrid and mobile browser use `xpath` locator, others might cause problem)</doc>
<status status="NOT RUN" starttime="20230830 01:51:25.233" endtime="20230830 01:51:25.233"/>
</kw>
<if>
<branch type="IF" condition="${TEXT_OF_FIRST} &lt; ${TARGET_YEAR}">
<kw name="Swipe By Percent" library="AppiumLibrary">
<arg>50</arg>
<arg>65</arg>
<arg>50</arg>
<arg>35</arg>
<arg>1000</arg>
<doc>Swipe from one percent of the screen to another percent, for an optional duration.
Normal swipe fails to scale for different screen resolutions, this can be avoided using percent.</doc>
<status status="NOT RUN" starttime="20230830 01:51:25.234" endtime="20230830 01:51:25.234"/>
</kw>
<status status="NOT RUN" starttime="20230830 01:51:25.233" endtime="20230830 01:51:25.234"/>
</branch>
<branch type="ELSE IF" condition="${TEXT_OF_FIRST} &gt; ${TARGET_YEAR}">
<kw name="Swipe By Percent" library="AppiumLibrary">
<arg>50</arg>
<arg>35</arg>
<arg>50</arg>
<arg>65</arg>
<arg>1000</arg>
<doc>Swipe from one percent of the screen to another percent, for an optional duration.
Normal swipe fails to scale for different screen resolutions, this can be avoided using percent.</doc>
<status status="NOT RUN" starttime="20230830 01:51:25.234" endtime="20230830 01:51:25.234"/>
</kw>
<status status="NOT RUN" starttime="20230830 01:51:25.234" endtime="20230830 01:51:25.235"/>
</branch>
<status status="NOT RUN" starttime="20230830 01:51:25.233" endtime="20230830 01:51:25.235"/>
</if>
<status status="PASS" starttime="20230830 01:51:23.501" endtime="20230830 01:51:25.235"/>
</iter>
<status status="PASS" starttime="20230830 01:51:18.963" endtime="20230830 01:51:25.235"/>
</for>
<for flavor="IN RANGE">
<var>${i}</var>
<value>100</value>
<iter>
<var name="${i}">0</var>
<kw name="Get Element Attribute" library="AppiumLibrary">
<var>${content_desc}</var>
<arg>${MONTH_AND_YEAR}</arg>
<arg>content-desc</arg>
<doc>Get element attribute using given attribute: name, value,...</doc>
<msg timestamp="20230830 01:51:25.334" level="INFO">Element 'xpath=(//android.view.View/android.view.View)[1]' attribute 'content-desc' value '01 August 2011' </msg>
<msg timestamp="20230830 01:51:25.335" level="INFO">xpath criteria: (//android.view.View/android.view.View)[1]</msg>
<msg timestamp="20230830 01:51:25.336" level="INFO">${content_desc} = 01 August 2011</msg>
<status status="PASS" starttime="20230830 01:51:25.235" endtime="20230830 01:51:25.336"/>
</kw>
<kw name="Split Month And Date" library="SelectDay">
<var>${res_content_desc}</var>
<arg>${content_desc}</arg>
<msg timestamp="20230830 01:51:25.338" level="INFO">${res_content_desc} = ['01', 'August', '2011']</msg>
<status status="PASS" starttime="20230830 01:51:25.337" endtime="20230830 01:51:25.338"/>
</kw>
<kw name="Set Variable" library="BuiltIn">
<var>${date}</var>
<arg>${res_content_desc}[0]</arg>
<doc>Returns the given values which can then be assigned to a variables.</doc>
<msg timestamp="20230830 01:51:25.339" level="INFO">${date} = 01</msg>
<status status="PASS" starttime="20230830 01:51:25.338" endtime="20230830 01:51:25.340"/>
</kw>
<kw name="Set Variable" library="BuiltIn">
<var>${month}</var>
<arg>${res_content_desc}[1]</arg>
<doc>Returns the given values which can then be assigned to a variables.</doc>
<msg timestamp="20230830 01:51:25.341" level="INFO">${month} = August</msg>
<status status="PASS" starttime="20230830 01:51:25.340" endtime="20230830 01:51:25.341"/>
</kw>
<kw name="Convert Month To Number" library="SelectDay">
<var>${num_month}</var>
<arg>${month}</arg>
<msg timestamp="20230830 01:51:25.342" level="INFO">${num_month} = 8</msg>
<status status="PASS" starttime="20230830 01:51:25.341" endtime="20230830 01:51:25.342"/>
</kw>
<kw name="Str To Int" library="SelectDay">
<var>${INT_TARGET_MONTH}</var>
<arg>${TARGET_MONTH}</arg>
<msg timestamp="20230830 01:51:25.344" level="INFO">${INT_TARGET_MONTH} = 9</msg>
<status status="PASS" starttime="20230830 01:51:25.343" endtime="20230830 01:51:25.345"/>
</kw>
<if>
<branch type="IF" condition="${num_month} &gt; ${INT_TARGET_MONTH}">
<kw name="Click Element" library="AppiumLibrary">
<arg>${PREV_BTN}</arg>
<doc>Click element identified by `locator`.</doc>
<status status="NOT RUN" starttime="20230830 01:51:25.347" endtime="20230830 01:51:25.347"/>
</kw>
<status status="NOT RUN" starttime="20230830 01:51:25.345" endtime="20230830 01:51:25.348"/>
</branch>
<branch type="ELSE IF" condition="${num_month} &lt; ${INT_TARGET_MONTH}">
<kw name="Click Element" library="AppiumLibrary">
<arg>${NEXT_BTN}</arg>
<doc>Click element identified by `locator`.</doc>
<msg timestamp="20230830 01:51:25.350" level="INFO">Clicking element 'id=android:id/next'.</msg>
<msg timestamp="20230830 01:51:25.421" level="INFO">criteria is android:id/next</msg>
<status status="PASS" starttime="20230830 01:51:25.348" endtime="20230830 01:51:25.422"/>
</kw>
<status status="PASS" starttime="20230830 01:51:25.348" endtime="20230830 01:51:25.422"/>
</branch>
<branch type="ELSE">
<kw name="Get Webelements" library="AppiumLibrary">
<var>${days}</var>
<arg>${DAY_LIST}</arg>
<doc>Returns list of [http://selenium-python.readthedocs.io/api.html#module-selenium.webdriver.remote.webelement|WebElement] objects matching ``locator``.</doc>
<status status="NOT RUN" starttime="20230830 01:51:25.423" endtime="20230830 01:51:25.424"/>
</kw>
<for flavor="IN">
<var>${day}</var>
<value>@{days}</value>
<iter>
<var name="${day}"/>
<kw name="Get Element Attribute" library="AppiumLibrary">
<var>${day_content_desc}</var>
<arg>${day}</arg>
<arg>content-desc</arg>
<doc>Get element attribute using given attribute: name, value,...</doc>
<status status="NOT RUN" starttime="20230830 01:51:25.425" endtime="20230830 01:51:25.426"/>
</kw>
<kw name="Split Str By Space" library="SelectDay">
<var>${day_content_desc_arr}</var>
<arg>${day_content_desc}</arg>
<status status="NOT RUN" starttime="20230830 01:51:25.426" endtime="20230830 01:51:25.426"/>
</kw>
<kw name="Set Variable" library="BuiltIn">
<var>${real_day}</var>
<arg>${day_content_desc_arr}[0]</arg>
<doc>Returns the given values which can then be assigned to a variables.</doc>
<status status="NOT RUN" starttime="20230830 01:51:25.427" endtime="20230830 01:51:25.427"/>
</kw>
<kw name="Str To Int" library="SelectDay">
<var>${num_day}</var>
<arg>${real_day}</arg>
<status status="NOT RUN" starttime="20230830 01:51:25.428" endtime="20230830 01:51:25.428"/>
</kw>
<kw name="Str To Int" library="SelectDay">
<var>${TARGET_DAY_INT}</var>
<arg>${TARGET_DAY}</arg>
<status status="NOT RUN" starttime="20230830 01:51:25.429" endtime="20230830 01:51:25.429"/>
</kw>
<if>
<branch type="IF" condition="${num_day} == ${TARGET_DAY_INT}">
<kw name="Click Element" library="AppiumLibrary">
<arg>${day}</arg>
<doc>Click element identified by `locator`.</doc>
<status status="NOT RUN" starttime="20230830 01:51:25.430" endtime="20230830 01:51:25.430"/>
</kw>
<kw name="Exit For Loop" library="BuiltIn">
<doc>Stops executing the enclosing FOR loop.</doc>
<status status="NOT RUN" starttime="20230830 01:51:25.430" endtime="20230830 01:51:25.430"/>
</kw>
<status status="NOT RUN" starttime="20230830 01:51:25.429" endtime="20230830 01:51:25.431"/>
</branch>
<status status="NOT RUN" starttime="20230830 01:51:25.429" endtime="20230830 01:51:25.431"/>
</if>
<status status="NOT RUN" starttime="20230830 01:51:25.424" endtime="20230830 01:51:25.431"/>
</iter>
<status status="NOT RUN" starttime="20230830 01:51:25.424" endtime="20230830 01:51:25.431"/>
</for>
<kw name="Exit For Loop" library="BuiltIn">
<doc>Stops executing the enclosing FOR loop.</doc>
<status status="NOT RUN" starttime="20230830 01:51:25.431" endtime="20230830 01:51:25.432"/>
</kw>
<status status="NOT RUN" starttime="20230830 01:51:25.422" endtime="20230830 01:51:25.432"/>
</branch>
<status status="PASS" starttime="20230830 01:51:25.345" endtime="20230830 01:51:25.432"/>
</if>
<status status="PASS" starttime="20230830 01:51:25.235" endtime="20230830 01:51:25.432"/>
</iter>
<iter>
<var name="${i}">1</var>
<kw name="Get Element Attribute" library="AppiumLibrary">
<var>${content_desc}</var>
<arg>${MONTH_AND_YEAR}</arg>
<arg>content-desc</arg>
<doc>Get element attribute using given attribute: name, value,...</doc>
<msg timestamp="20230830 01:51:26.093" level="INFO">Element 'xpath=(//android.view.View/android.view.View)[1]' attribute 'content-desc' value '01 September 2011' </msg>
<msg timestamp="20230830 01:51:26.093" level="INFO">xpath criteria: (//android.view.View/android.view.View)[1]</msg>
<msg timestamp="20230830 01:51:26.093" level="INFO">${content_desc} = 01 September 2011</msg>
<status status="PASS" starttime="20230830 01:51:25.432" endtime="20230830 01:51:26.093"/>
</kw>
<kw name="Split Month And Date" library="SelectDay">
<var>${res_content_desc}</var>
<arg>${content_desc}</arg>
<msg timestamp="20230830 01:51:26.094" level="INFO">${res_content_desc} = ['01', 'September', '2011']</msg>
<status status="PASS" starttime="20230830 01:51:26.093" endtime="20230830 01:51:26.095"/>
</kw>
<kw name="Set Variable" library="BuiltIn">
<var>${date}</var>
<arg>${res_content_desc}[0]</arg>
<doc>Returns the given values which can then be assigned to a variables.</doc>
<msg timestamp="20230830 01:51:26.096" level="INFO">${date} = 01</msg>
<status status="PASS" starttime="20230830 01:51:26.095" endtime="20230830 01:51:26.096"/>
</kw>
<kw name="Set Variable" library="BuiltIn">
<var>${month}</var>
<arg>${res_content_desc}[1]</arg>
<doc>Returns the given values which can then be assigned to a variables.</doc>
<msg timestamp="20230830 01:51:26.097" level="INFO">${month} = September</msg>
<status status="PASS" starttime="20230830 01:51:26.096" endtime="20230830 01:51:26.098"/>
</kw>
<kw name="Convert Month To Number" library="SelectDay">
<var>${num_month}</var>
<arg>${month}</arg>
<msg timestamp="20230830 01:51:26.099" level="INFO">${num_month} = 9</msg>
<status status="PASS" starttime="20230830 01:51:26.098" endtime="20230830 01:51:26.099"/>
</kw>
<kw name="Str To Int" library="SelectDay">
<var>${INT_TARGET_MONTH}</var>
<arg>${TARGET_MONTH}</arg>
<msg timestamp="20230830 01:51:26.100" level="INFO">${INT_TARGET_MONTH} = 9</msg>
<status status="PASS" starttime="20230830 01:51:26.099" endtime="20230830 01:51:26.100"/>
</kw>
<if>
<branch type="IF" condition="${num_month} &gt; ${INT_TARGET_MONTH}">
<kw name="Click Element" library="AppiumLibrary">
<arg>${PREV_BTN}</arg>
<doc>Click element identified by `locator`.</doc>
<status status="NOT RUN" starttime="20230830 01:51:26.101" endtime="20230830 01:51:26.101"/>
</kw>
<status status="NOT RUN" starttime="20230830 01:51:26.100" endtime="20230830 01:51:26.101"/>
</branch>
<branch type="ELSE IF" condition="${num_month} &lt; ${INT_TARGET_MONTH}">
<kw name="Click Element" library="AppiumLibrary">
<arg>${NEXT_BTN}</arg>
<doc>Click element identified by `locator`.</doc>
<status status="NOT RUN" starttime="20230830 01:51:26.101" endtime="20230830 01:51:26.102"/>
</kw>
<status status="NOT RUN" starttime="20230830 01:51:26.101" endtime="20230830 01:51:26.102"/>
</branch>
<branch type="ELSE">
<kw name="Get Webelements" library="AppiumLibrary">
<var>${days}</var>
<arg>${DAY_LIST}</arg>
<doc>Returns list of [http://selenium-python.readthedocs.io/api.html#module-selenium.webdriver.remote.webelement|WebElement] objects matching ``locator``.</doc>
<msg timestamp="20230830 01:51:26.163" level="INFO">xpath criteria: //android.view.View/android.view.View</msg>
<msg timestamp="20230830 01:51:26.163" level="INFO">${days} = [&lt;appium.webdriver.webelement.WebElement (session="8715e94a-95d4-48b5-b270-fe045c7cf5c2", element="f470524b-a0cd-4dfc-812c-f76f0a7d29be")&gt;, &lt;appium.webdriver.webelement.WebElement (session="8715e94a-9...</msg>
<status status="PASS" starttime="20230830 01:51:26.102" endtime="20230830 01:51:26.164"/>
</kw>
<for flavor="IN">
<var>${day}</var>
<value>@{days}</value>
<iter>
<var name="${day}">&lt;appium.webdriver.webelement.WebElement (session="8715e94a-95d4-48b5-b270-fe045c7cf5c2", element="f470524b-a0cd-4dfc-812c-f76f0a7d29be")&gt;</var>
<kw name="Get Element Attribute" library="AppiumLibrary">
<var>${day_content_desc}</var>
<arg>${day}</arg>
<arg>content-desc</arg>
<doc>Get element attribute using given attribute: name, value,...</doc>
<msg timestamp="20230830 01:51:26.179" level="INFO">Element '&lt;appium.webdriver.webelement.WebElement (session="8715e94a-95d4-48b5-b270-fe045c7cf5c2", element="f470524b-a0cd-4dfc-812c-f76f0a7d29be")&gt;' attribute 'content-desc' value '01 September 2011' </msg>
<msg timestamp="20230830 01:51:26.179" level="INFO">${day_content_desc} = 01 September 2011</msg>
<status status="PASS" starttime="20230830 01:51:26.165" endtime="20230830 01:51:26.180"/>
</kw>
<kw name="Split Str By Space" library="SelectDay">
<var>${day_content_desc_arr}</var>
<arg>${day_content_desc}</arg>
<msg timestamp="20230830 01:51:26.180" level="INFO">${day_content_desc_arr} = ['01', 'September', '2011']</msg>
<status status="PASS" starttime="20230830 01:51:26.180" endtime="20230830 01:51:26.181"/>
</kw>
<kw name="Set Variable" library="BuiltIn">
<var>${real_day}</var>
<arg>${day_content_desc_arr}[0]</arg>
<doc>Returns the given values which can then be assigned to a variables.</doc>
<msg timestamp="20230830 01:51:26.182" level="INFO">${real_day} = 01</msg>
<status status="PASS" starttime="20230830 01:51:26.181" endtime="20230830 01:51:26.182"/>
</kw>
<kw name="Str To Int" library="SelectDay">
<var>${num_day}</var>
<arg>${real_day}</arg>
<msg timestamp="20230830 01:51:26.183" level="INFO">${num_day} = 1</msg>
<status status="PASS" starttime="20230830 01:51:26.182" endtime="20230830 01:51:26.183"/>
</kw>
<kw name="Str To Int" library="SelectDay">
<var>${TARGET_DAY_INT}</var>
<arg>${TARGET_DAY}</arg>
<msg timestamp="20230830 01:51:26.184" level="INFO">${TARGET_DAY_INT} = 2</msg>
<status status="PASS" starttime="20230830 01:51:26.184" endtime="20230830 01:51:26.184"/>
</kw>
<if>
[...]
<msg timestamp="20230830 01:51:28.605" level="INFO">criteria is android:id/message</msg>
<msg timestamp="20230830 01:51:28.605" level="INFO">${Real results} = กรุณากรอกชื่อ</msg>
<status status="PASS" starttime="20230830 01:51:28.577" endtime="20230830 01:51:28.605"/>
</kw>
<if>
<branch type="IF" condition="&quot;${Real results}&quot; == &quot;${Expected result}&quot;">
<kw name="Write Excel Cell" library="ExcelLibrary">
<arg>${x}</arg>
<arg>12</arg>
<arg>value=${Real results}</arg>
<arg>sheet_name=Test data</arg>
<doc>Writes value to the cell.</doc>
<status status="PASS" starttime="20230830 01:51:28.606" endtime="20230830 01:51:28.607"/>
</kw>
<kw name="Write Excel Cell" library="ExcelLibrary">
<arg>${x}</arg>
<arg>13</arg>
<arg>value=Pass</arg>
<arg>sheet_name=Test data</arg>
<doc>Writes value to the cell.</doc>
<status status="PASS" starttime="20230830 01:51:28.609" endtime="20230830 01:51:28.609"/>
</kw>
<status status="PASS" starttime="20230830 01:51:28.606" endtime="20230830 01:51:28.609"/>
</branch>
<branch type="ELSE">
<kw name="Take Screenshot" library="ScreenCapLibrary">
<arg>Screenshot/TC01_Register_Result/${TDID}_Fail.jpg</arg>
<doc>Takes a screenshot in the specified format at library import and
embeds it into the log file (PNG by default).</doc>
<status status="NOT RUN" starttime="20230830 01:51:28.610" endtime="20230830 01:51:28.610"/>
</kw>
<kw name="Write Excel Cell" library="ExcelLibrary">
<arg>${x}</arg>
<arg>12</arg>
<arg>value=${Real results}</arg>
<arg>sheet_name=Test data</arg>
<doc>Writes value to the cell.</doc>
<status status="NOT RUN" starttime="20230830 01:51:28.610" endtime="20230830 01:51:28.611"/>
</kw>
<kw name="Write Excel Cell" library="ExcelLibrary">
<arg>${x}</arg>
<arg>13</arg>
<arg>value=Fail</arg>
<arg>sheet_name=Test data</arg>
<doc>Writes value to the cell.</doc>
<status status="NOT RUN" starttime="20230830 01:51:28.611" endtime="20230830 01:51:28.612"/>
</kw>
<kw name="Write Excel Cell" library="ExcelLibrary">
<arg>${x}</arg>
<arg>14</arg>
<arg>value=ควรแสดงข้อความแจ้งเตือนว่า "${Expected result}"</arg>
<arg>sheet_name=Test data</arg>
<doc>Writes value to the cell.</doc>
<status status="NOT RUN" starttime="20230830 01:51:28.612" endtime="20230830 01:51:28.612"/>
</kw>
<status status="NOT RUN" starttime="20230830 01:51:28.609" endtime="20230830 01:51:28.613"/>
</branch>
<status status="PASS" starttime="20230830 01:51:28.606" endtime="20230830 01:51:28.613"/>
</if>
<kw name="Close Application" library="AppiumLibrary">
<doc>Closes the current application and also close webdriver session.</doc>
<status status="PASS" starttime="20230830 01:51:28.613" endtime="20230830 01:51:28.896"/>
</kw>
<status status="PASS" starttime="20230830 01:51:04.157" endtime="20230830 01:51:28.897"/>
</branch>
<status status="PASS" starttime="20230830 01:51:04.157" endtime="20230830 01:51:28.897"/>
</if>
<status status="PASS" starttime="20230830 01:51:04.155" endtime="20230830 01:51:28.897"/>
</iter>
<iter>
<var name="${x}">3</var>
<kw name="Set Variable If" library="BuiltIn">
<var>${status}</var>
<arg>"${excel.cell(${x},2).value}" == "None"</arg>
<arg>${EMPTY}</arg>
<arg>${excel.cell(${x},2).value}</arg>
<doc>Sets variable based on the given condition.</doc>
<msg timestamp="20230830 01:51:28.899" level="INFO">${status} = Y</msg>
<status status="PASS" starttime="20230830 01:51:28.898" endtime="20230830 01:51:28.899"/>
</kw>
<if>
<branch type="IF" condition="&quot;${Status}&quot; == &quot;Y&quot;">
<kw name="Set Variable If" library="BuiltIn">
<var>${TDID}</var>
<arg>"${excel.cell(${x},1).value}" == "None"</arg>
<arg>${EMPTY}</arg>
<arg>${excel.cell(${x},1).value}</arg>
<doc>Sets variable based on the given condition.</doc>
<msg timestamp="20230830 01:51:28.901" level="INFO">${TDID} = TD2</msg>
<status status="PASS" starttime="20230830 01:51:28.900" endtime="20230830 01:51:28.901"/>
</kw>
<kw name="Log To Console" library="BuiltIn">
<arg>Testing is ${TDID}</arg>
<doc>Logs the given message to the console.</doc>
<status status="PASS" starttime="20230830 01:51:28.902" endtime="20230830 01:51:28.904"/>
</kw>
<kw name="Set Variable If" library="BuiltIn">
<var>${Name}</var>
<arg>"${excel.cell(${x},3).value}" == "None"</arg>
<arg>${EMPTY}</arg>
<arg>${excel.cell(${x},3).value}</arg>
<doc>Sets variable based on the given condition.</doc>
<msg timestamp="20230830 01:51:28.906" level="INFO">${Name} = ボワーダ</msg>
<status status="PASS" starttime="20230830 01:51:28.904" endtime="20230830 01:51:28.907"/>
</kw>
<kw name="Set Variable If" library="BuiltIn">
<var>${Lastname}</var>
<arg>"${excel.cell(${x},4).value}" == "None"</arg>
<arg>${EMPTY}</arg>
<arg>${excel.cell(${x},4).value}</arg>
<doc>Sets variable based on the given condition.</doc>
<msg timestamp="20230830 01:51:28.909" level="INFO">${Lastname} = ปา</msg>
<status status="PASS" starttime="20230830 01:51:28.907" endtime="20230830 01:51:28.910"/>
</kw>
<kw name="Set Variable If" library="BuiltIn">
<var>${Address}</var>
<arg>"${excel.cell(${x},5).value}" == "None"</arg>
<arg>${EMPTY}</arg>
<arg>${excel.cell(${x},5).value}</arg>
<doc>Sets variable based on the given condition.</doc>
<msg timestamp="20230830 01:51:28.912" level="INFO">${Address} = 30/19</msg>
<status status="PASS" starttime="20230830 01:51:28.910" endtime="20230830 01:51:28.912"/>
</kw>
<kw name="Set Variable If" library="BuiltIn">
<var>${Phone}</var>
<arg>"${excel.cell(${x},6).value}" == "None"</arg>
<arg>${EMPTY}</arg>
<arg>${excel.cell(${x},6).value}</arg>
<doc>Sets variable based on the given condition.</doc>
<msg timestamp="20230830 01:51:28.914" level="INFO">${Phone} = 0808437940</msg>
<status status="PASS" starttime="20230830 01:51:28.912" endtime="20230830 01:51:28.915"/>
</kw>
<kw name="Set Variable If" library="BuiltIn">
<var>${Gender}</var>
<arg>"${excel.cell(${x},7).value}" == "None"</arg>
<arg>${EMPTY}</arg>
<arg>${excel.cell(${x},7).value}</arg>
<doc>Sets variable based on the given condition.</doc>
<msg timestamp="20230830 01:51:28.918" level="INFO">${Gender} = หญิง</msg>
<status status="PASS" starttime="20230830 01:51:28.915" endtime="20230830 01:51:28.920"/>
</kw>
<kw name="Set Variable If" library="BuiltIn">
<var>${Email}</var>
<arg>"${excel.cell(${x},8).value}" == "None"</arg>
<arg>${EMPTY}</arg>
<arg>${excel.cell(${x},8).value}</arg>
<doc>Sets variable based on the given condition.</doc>
<msg timestamp="20230830 01:51:28.922" level="INFO">${Email} = ba@gmail.com</msg>
<status status="PASS" starttime="20230830 01:51:28.920" endtime="20230830 01:51:28.922"/>
</kw>
<kw name="Set Variable If" library="BuiltIn">
<var>${ID card}</var>
<arg>"${excel.cell(${x},9).value}" == "None"</arg>
<arg>${EMPTY}</arg>
<arg>${excel.cell(${x},9).value}</arg>
<doc>Sets variable based on the given condition.</doc>
<msg timestamp="20230830 01:51:28.924" level="INFO">${ID card} = 1549900523702</msg>
<status status="PASS" starttime="20230830 01:51:28.922" endtime="20230830 01:51:28.925"/>
</kw>
<kw name="Set Variable If" library="BuiltIn">
<var>${Day}</var>
<arg>"${excel.cell(${x},10).value}" == "None"</arg>
<arg>${EMPTY}</arg>
<arg>${excel.cell(${x},10).value}</arg>
<doc>Sets variable based on the given condition.</doc>
<msg timestamp="20230830 01:51:28.927" level="INFO">${Day} = เลือกปี (ปีปัจจุบัน -12)</msg>
<status status="PASS" starttime="20230830 01:51:28.925" endtime="20230830 01:51:28.928"/>
</kw>
<kw name="Set Variable" library="BuiltIn">
<var>${Expected result}</var>
<arg>${excel.cell(${x},11).value}</arg>
<doc>Returns the given values which can then be assigned to a variables.</doc>
<msg timestamp="20230830 01:51:28.930" level="INFO">${Expected result} = ชื่อต้องเป็นตัวอักษรภาษาไทยหรือภาษาอังกฤษ และห้ามมีช่องว่าง ตัวเลขหรือตัวอักษรพิเศษ</msg>
<status status="PASS" starttime="20230830 01:51:28.929" endtime="20230830 01:51:28.931"/>
</kw>
<kw name="Open Application" library="AppiumLibrary">
<arg>http://localhost:4723/wd/hub</arg>
<arg>platformName=Android</arg>
<arg>platformVersion=%{ANDROID_PLATFORM_VERSION=9}</arg>
<arg>appPackage=th.ac.mju.itsci.reservevaccine_project</arg>
<arg>appActivity=.Login_page</arg>
<doc>Opens a new application to given Appium server.
Capabilities of appium server, Android and iOS,
Please check https://github.com/appium/appium/blob/master/docs/en/writing-running-appium/server-args.md
| *Option*            | *Man.* | *Description*     |
| remote_url          | Yes    | Appium server url |
| alias               | no     | alias             |
| strict_ssl          | No     | allows you to send commands to an invalid certificate host like a self-signed one. |</doc>
<kw name="Capture Page Screenshot" library="AppiumLibrary">
<doc>Takes a screenshot of the current page and embeds it into the log.</doc>
<status status="FAIL" starttime="20230830 01:51:36.629" endtime="20230830 01:51:36.629"/>
</kw>
<msg timestamp="20230830 01:51:36.631" level="WARN">Keyword 'Capture Page Screenshot' could not be run on failure: Execution terminated by signal</msg>
<status status="FAIL" starttime="20230830 01:51:28.931" endtime="20230830 01:51:36.633"/>
</kw>
<kw name="Click Element" library="AppiumLibrary">
<arg>textView21</arg>
<doc>Click element identified by `locator`.</doc>
<status status="NOT RUN" starttime="20230830 01:51:36.633" endtime="20230830 01:51:36.633"/>
</kw>
<kw name="Wait Until Element Is Visible" library="AppiumLibrary">
<arg>input_name</arg>
<doc>Waits until element specified with `locator` is visible.</doc>
<status status="NOT RUN" starttime="20230830 01:51:36.634" endtime="20230830 01:51:36.634"/>
</kw>
<kw name="Input Text" library="AppiumLibrary">
<arg>input_name</arg>
<arg>${Name}</arg>
<doc>Types the given `text` into text field identified by `locator`.</doc>
<status status="NOT RUN" starttime="20230830 01:51:36.634" endtime="20230830 01:51:36.634"/>
</kw>
<kw name="Input Text" library="AppiumLibrary">
<arg>input_lastname</arg>
<arg>${Lastname}</arg>
<doc>Types the given `text` into text field identified by `locator`.</doc>
<status status="NOT RUN" starttime="20230830 01:51:36.635" endtime="20230830 01:51:36.635"/>
</kw>
<kw name="Input Text" library="AppiumLibrary">
<arg>input_address</arg>
<arg>${Address}</arg>
<doc>Types the given `text` into text field identified by `locator`.</doc>
<status status="NOT RUN" starttime="20230830 01:51:36.635" endtime="20230830 01:51:36.635"/>
</kw>
<kw name="Input Text" library="AppiumLibrary">
<arg>input_phone</arg>
<arg>${Phone}</arg>
<doc>Types the given `text` into text field identified by `locator`.</doc>
<status status="NOT RUN" starttime="20230830 01:51:36.636" endtime="20230830 01:51:36.636"/>
</kw>
<kw name="Swipe By Percent" library="AppiumLibrary">
<arg>50</arg>
<arg>70</arg>
<arg>50</arg>
<arg>20</arg>
<arg>1000</arg>
<doc>Swipe from one percent of the screen to another percent, for an optional duration.
Normal swipe fails to scale for different screen resolutions, this can be avoided using percent.</doc>
<status status="NOT RUN" starttime="20230830 01:51:36.636" endtime="20230830 01:51:36.636"/>
</kw>
<if>
<branch type="IF" condition="&quot;${gender}&quot; == &quot;ชาย&quot;">
<kw name="Click Element" library="AppiumLibrary">
<arg>radio_Male</arg>
<doc>Click element identified by `locator`.</doc>
<status status="NOT RUN" starttime="20230830 01:51:36.636" endtime="20230830 01:51:36.637"/>
</kw>
<status status="NOT RUN" starttime="20230830 01:51:36.636" endtime="20230830 01:51:36.637"/>
</branch>
<branch type="ELSE IF" condition="&quot;${gender}&quot; == &quot;หญิง&quot;">
<kw name="Click Element" library="AppiumLibrary">
<arg>radio_Female</arg>
<doc>Click element identified by `locator`.</doc>
<status status="NOT RUN" starttime="20230830 01:51:36.637" endtime="20230830 01:51:36.637"/>
</kw>
<status status="NOT RUN" starttime="20230830 01:51:36.637" endtime="20230830 01:51:36.637"/>
</branch>
<status status="NOT RUN" starttime="20230830 01:51:36.636" endtime="20230830 01:51:36.637"/>
</if>
<kw name="Input Text" library="AppiumLibrary">
<arg>input_email</arg>
<arg>${Email}</arg>
<doc>Types the given `text` into text field identified by `locator`.</doc>
<status status="NOT RUN" starttime="20230830 01:51:36.638" endtime="20230830 01:51:36.638"/>
</kw>
<kw name="Input Text" library="AppiumLibrary">
<arg>input_idcard</arg>
<arg>${ID card}</arg>
<doc>Types the given `text` into text field identified by `locator`.</doc>
<status status="NOT RUN" starttime="20230830 01:51:36.638" endtime="20230830 01:51:36.638"/>
</kw>
<kw name="Click Element" library="AppiumLibrary">
<arg>input_brithday</arg>
<doc>Click element identified by `locator`.</doc>
<status status="NOT RUN" starttime="20230830 01:51:36.638" endtime="20230830 01:51:36.638"/>
</kw>
<if>
<branch type="IF" condition="&quot;${Day}&quot;==&quot;เลือกปี (ปีปัจจุบัน -11)&quot;">
<kw name="Minus 11 Years" library="SelectDay">
<var>${Day}</var>
<status status="NOT RUN" starttime="20230830 01:51:36.639" endtime="20230830 01:51:36.639"/>
</kw>
<status status="NOT RUN" starttime="20230830 01:51:36.638" endtime="20230830 01:51:36.639"/>
</branch>
<branch type="ELSE IF" condition="&quot;${Day}&quot;==&quot;เลือกปี (ปีปัจจุบัน -12)&quot;">
<kw name="Minus 12 Years" library="SelectDay">
<var>${Day}</var>
<status status="NOT RUN" starttime="20230830 01:51:36.639" endtime="20230830 01:51:36.639"/>
</kw>
<status status="NOT RUN" starttime="20230830 01:51:36.639" endtime="20230830 01:51:36.639"/>
</branch>
<branch type="ELSE IF" condition="&quot;${Day}&quot;==&quot;เลือกปี (ปีปัจจุบัน -13)&quot;">
<kw name="Minus 13 Years" library="SelectDay">
<var>${Day}</var>
<status status="NOT RUN" starttime="20230830 01:51:36.640" endtime="20230830 01:51:36.640"/>
</kw>
<status status="NOT RUN" starttime="20230830 01:51:36.640" endtime="20230830 01:51:36.640"/>
</branch>
<status status="NOT RUN" starttime="20230830 01:51:36.638" endtime="20230830 01:51:36.640"/>
</if>
<kw name="Log To Console" library="BuiltIn">
<arg>${Day}</arg>
<doc>Logs the given message to the console.</doc>
<status status="NOT RUN" starttime="20230830 01:51:36.640" endtime="20230830 01:51:36.640"/>
</kw>
<kw name="Select day">
<arg>${Day}</arg>
<status status="NOT RUN" starttime="20230830 01:51:36.640" endtime="20230830 01:51:36.640"/>
</kw>
<kw name="Wait Until Element Is Visible" library="AppiumLibrary">
<arg>bt_register</arg>
<doc>Waits until element specified with `locator` is visible.</doc>
<status status="NOT RUN" starttime="20230830 01:51:36.641" endtime="20230830 01:51:36.641"/>
</kw>
<kw name="Click Element" library="AppiumLibrary">
<arg>bt_register</arg>
<doc>Click element identified by `locator`.</doc>
<status status="NOT RUN" starttime="20230830 01:51:36.641" endtime="20230830 01:51:36.641"/>
</kw>
<kw name="Wait Until Element Is Visible" library="AppiumLibrary">
<arg>android:id/message</arg>
<doc>Waits until element specified with `locator` is visible.</doc>
<status status="NOT RUN" starttime="20230830 01:51:36.642" endtime="20230830 01:51:36.642"/>
</kw>
<kw name="Get Text" library="AppiumLibrary">
<var>${Real results}</var>
<arg>android:id/message</arg>
<doc>Get element text (for hybrid and mobile browser use `xpath` locator, others might cause problem)</doc>
<status status="NOT RUN" starttime="20230830 01:51:36.642" endtime="20230830 01:51:36.642"/>
</kw>
<if>
<branch type="IF" condition="&quot;${Real results}&quot; == &quot;${Expected result}&quot;">
<kw name="Write Excel Cell" library="ExcelLibrary">
<arg>${x}</arg>
<arg>12</arg>
<arg>value=${Real results}</arg>
<arg>sheet_name=Test data</arg>
<doc>Writes value to the cell.</doc>
<status status="NOT RUN" starttime="20230830 01:51:36.643" endtime="20230830 01:51:36.643"/>
</kw>
<kw name="Write Excel Cell" library="ExcelLibrary">
<arg>${x}</arg>
<arg>13</arg>
<arg>value=Pass</arg>
<arg>sheet_name=Test data</arg>
<doc>Writes value to the cell.</doc>
<status status="NOT RUN" starttime="20230830 01:51:36.643" endtime="20230830 01:51:36.643"/>
</kw>
<status status="NOT RUN" starttime="20230830 01:51:36.642" endtime="20230830 01:51:36.643"/>
</branch>
<branch type="ELSE">
<kw name="Take Screenshot" library="ScreenCapLibrary">
<arg>Screenshot/TC01_Register_Result/${TDID}_Fail.jpg</arg>
<doc>Takes a screenshot in the specified format at library import and
embeds it into the log file (PNG by default).</doc>
<status status="NOT RUN" starttime="20230830 01:51:36.644" endtime="20230830 01:51:36.644"/>
</kw>
<kw name="Write Excel Cell" library="ExcelLibrary">
<arg>${x}</arg>
<arg>12</arg>
<arg>value=${Real results}</arg>
<arg>sheet_name=Test data</arg>
<doc>Writes value to the cell.</doc>
<status status="NOT RUN" starttime="20230830 01:51:36.644" endtime="20230830 01:51:36.644"/>
</kw>
<kw name="Write Excel Cell" library="ExcelLibrary">
<arg>${x}</arg>
<arg>13</arg>
<arg>value=Fail</arg>
<arg>sheet_name=Test data</arg>
<doc>Writes value to the cell.</doc>
<status status="NOT RUN" starttime="20230830 01:51:36.644" endtime="20230830 01:51:36.644"/>
</kw>
<kw name="Write Excel Cell" library="ExcelLibrary">
<arg>${x}</arg>
<arg>14</arg>
<arg>value=ควรแสดงข้อความแจ้งเตือนว่า "${Expected result}"</arg>
<arg>sheet_name=Test data</arg>
<doc>Writes value to the cell.</doc>
<status status="NOT RUN" starttime="20230830 01:51:36.644" endtime="20230830 01:51:36.645"/>
</kw>
<status status="NOT RUN" starttime="20230830 01:51:36.643" endtime="20230830 01:51:36.645"/>
</branch>
<status status="NOT RUN" starttime="20230830 01:51:36.642" endtime="20230830 01:51:36.645"/>
</if>
<kw name="Close Application" library="AppiumLibrary">
<doc>Closes the current application and also close webdriver session.</doc>
<status status="NOT RUN" starttime="20230830 01:51:36.645" endtime="20230830 01:51:36.645"/>
</kw>
<status status="FAIL" starttime="20230830 01:51:28.899" endtime="20230830 01:51:36.645"/>
</branch>
<status status="FAIL" starttime="20230830 01:51:28.899" endtime="20230830 01:51:36.645"/>
</if>
<status status="FAIL" starttime="20230830 01:51:28.897" endtime="20230830 01:51:36.645"/>
</iter>
<status status="FAIL" starttime="20230830 01:51:04.152" endtime="20230830 01:51:36.645"/>
</for>
<kw name="Save Excel Document" library="ExcelLibrary">
<arg>Results/Excel/TC01_Register_Result.xlsx</arg>
<doc>Saves the current document to disk.</doc>
<status status="NOT RUN" starttime="20230830 01:51:36.646" endtime="20230830 01:51:36.646"/>
</kw>
<kw name="Stop Video Recording" library="ScreenCapLibrary">
<doc>Stops the video recording corresponding to the given ``alias`` and generates the file in WebM format. If no
``alias`` is specified, the last opened recording will be closed. If there are more recordings with the same
alias all of them will be closed. If ``embed`` argument was set to
``True`` the video will be displayed in the log file.
Furthermore, if the ``save_to_disk`` parameter is set to ``False``, the video will be embedded and available in
the log file only.</doc>
<status status="NOT RUN" starttime="20230830 01:51:36.647" endtime="20230830 01:51:36.647"/>
</kw>
<status status="FAIL" starttime="20230830 01:51:04.126" endtime="20230830 01:51:36.647">Execution terminated by signal</status>
</test>
<status status="FAIL" starttime="20230830 01:51:03.401" endtime="20230830 01:51:36.649"/>
</suite>
<status status="FAIL" starttime="20230830 01:51:03.398" endtime="20230830 01:51:36.652"/>
</suite>
<status status="FAIL" starttime="20230830 01:51:03.371" endtime="20230830 01:51:36.656"/>
</suite>
<statistics>
<total>
<stat pass="0" fail="1" skip="0">All Tests</stat>
</total>
<tag>
</tag>
<suite>
<stat pass="0" fail="1" skip="0" id="s1" name="Project">Project</stat>
<stat pass="0" fail="1" skip="0" id="s1-s1" name="Code">Project.Code</stat>
<stat pass="0" fail="1" skip="0" id="s1-s1-s1" name="TC01 Register">Project.Code.TC01 Register</stat>
</suite>
</statistics>
<errors>
<msg timestamp="20230830 01:51:36.631" level="WARN">Keyword 'Capture Page Screenshot' could not be run on failure: Execution terminated by signal</msg>
</errors>
</robot>
